ARM GAS  C:\Users\zazz0\AppData\Local\Temp\ccL579rO.s 			page 1


   1              		.syntax unified
   2              		.cpu cortex-m4
   3              		.eabi_attribute 27, 1
   4              		.eabi_attribute 28, 1
   5              		.fpu fpv4-sp-d16
   6              		.eabi_attribute 20, 1
   7              		.eabi_attribute 21, 1
   8              		.eabi_attribute 23, 3
   9              		.eabi_attribute 24, 1
  10              		.eabi_attribute 25, 1
  11              		.eabi_attribute 26, 1
  12              		.eabi_attribute 30, 1
  13              		.eabi_attribute 34, 1
  14              		.eabi_attribute 18, 4
  15              		.thumb
  16              		.syntax unified
  17              		.file	"stm32f4xx_hal_gpio.c"
  18              		.text
  19              	.Ltext0:
  20              		.cfi_sections	.debug_frame
  21              		.section	.text.HAL_GPIO_Init,"ax",%progbits
  22              		.align	2
  23              		.global	HAL_GPIO_Init
  24              		.thumb
  25              		.thumb_func
  27              	HAL_GPIO_Init:
  28              	.LFB235:
  29              		.file 1 "Drivers/STM32F4xx_HAL_Driver/Src/stm32f4xx_hal_gpio.c"
   1:Drivers/STM32F4xx_HAL_Driver/Src/stm32f4xx_hal_gpio.c **** /**
   2:Drivers/STM32F4xx_HAL_Driver/Src/stm32f4xx_hal_gpio.c ****   ******************************************************************************
   3:Drivers/STM32F4xx_HAL_Driver/Src/stm32f4xx_hal_gpio.c ****   * @file    stm32f4xx_hal_gpio.c
   4:Drivers/STM32F4xx_HAL_Driver/Src/stm32f4xx_hal_gpio.c ****   * @author  MCD Application Team
   5:Drivers/STM32F4xx_HAL_Driver/Src/stm32f4xx_hal_gpio.c ****   * @brief   GPIO HAL module driver.
   6:Drivers/STM32F4xx_HAL_Driver/Src/stm32f4xx_hal_gpio.c ****   *          This file provides firmware functions to manage the following 
   7:Drivers/STM32F4xx_HAL_Driver/Src/stm32f4xx_hal_gpio.c ****   *          functionalities of the General Purpose Input/Output (GPIO) peripheral:
   8:Drivers/STM32F4xx_HAL_Driver/Src/stm32f4xx_hal_gpio.c ****   *           + Initialization and de-initialization functions
   9:Drivers/STM32F4xx_HAL_Driver/Src/stm32f4xx_hal_gpio.c ****   *           + IO operation functions
  10:Drivers/STM32F4xx_HAL_Driver/Src/stm32f4xx_hal_gpio.c ****   *
  11:Drivers/STM32F4xx_HAL_Driver/Src/stm32f4xx_hal_gpio.c ****   ******************************************************************************
  12:Drivers/STM32F4xx_HAL_Driver/Src/stm32f4xx_hal_gpio.c ****   * @attention
  13:Drivers/STM32F4xx_HAL_Driver/Src/stm32f4xx_hal_gpio.c ****   *
  14:Drivers/STM32F4xx_HAL_Driver/Src/stm32f4xx_hal_gpio.c ****   * Copyright (c) 2017 STMicroelectronics.
  15:Drivers/STM32F4xx_HAL_Driver/Src/stm32f4xx_hal_gpio.c ****   * All rights reserved.
  16:Drivers/STM32F4xx_HAL_Driver/Src/stm32f4xx_hal_gpio.c ****   *
  17:Drivers/STM32F4xx_HAL_Driver/Src/stm32f4xx_hal_gpio.c ****   * This software is licensed under terms that can be found in the LICENSE file
  18:Drivers/STM32F4xx_HAL_Driver/Src/stm32f4xx_hal_gpio.c ****   * in the root directory of this software component.
  19:Drivers/STM32F4xx_HAL_Driver/Src/stm32f4xx_hal_gpio.c ****   * If no LICENSE file comes with this software, it is provided AS-IS.
  20:Drivers/STM32F4xx_HAL_Driver/Src/stm32f4xx_hal_gpio.c ****   *
  21:Drivers/STM32F4xx_HAL_Driver/Src/stm32f4xx_hal_gpio.c ****   ******************************************************************************
  22:Drivers/STM32F4xx_HAL_Driver/Src/stm32f4xx_hal_gpio.c ****   @verbatim
  23:Drivers/STM32F4xx_HAL_Driver/Src/stm32f4xx_hal_gpio.c ****   ==============================================================================
  24:Drivers/STM32F4xx_HAL_Driver/Src/stm32f4xx_hal_gpio.c ****                     ##### GPIO Peripheral features #####
  25:Drivers/STM32F4xx_HAL_Driver/Src/stm32f4xx_hal_gpio.c ****   ==============================================================================
  26:Drivers/STM32F4xx_HAL_Driver/Src/stm32f4xx_hal_gpio.c ****   [..] 
  27:Drivers/STM32F4xx_HAL_Driver/Src/stm32f4xx_hal_gpio.c ****   Subject to the specific hardware characteristics of each I/O port listed in the datasheet, each
  28:Drivers/STM32F4xx_HAL_Driver/Src/stm32f4xx_hal_gpio.c ****   port bit of the General Purpose IO (GPIO) Ports, can be individually configured by software
  29:Drivers/STM32F4xx_HAL_Driver/Src/stm32f4xx_hal_gpio.c ****   in several modes:
ARM GAS  C:\Users\zazz0\AppData\Local\Temp\ccL579rO.s 			page 2


  30:Drivers/STM32F4xx_HAL_Driver/Src/stm32f4xx_hal_gpio.c ****   (+) Input mode 
  31:Drivers/STM32F4xx_HAL_Driver/Src/stm32f4xx_hal_gpio.c ****   (+) Analog mode
  32:Drivers/STM32F4xx_HAL_Driver/Src/stm32f4xx_hal_gpio.c ****   (+) Output mode
  33:Drivers/STM32F4xx_HAL_Driver/Src/stm32f4xx_hal_gpio.c ****   (+) Alternate function mode
  34:Drivers/STM32F4xx_HAL_Driver/Src/stm32f4xx_hal_gpio.c ****   (+) External interrupt/event lines
  35:Drivers/STM32F4xx_HAL_Driver/Src/stm32f4xx_hal_gpio.c **** 
  36:Drivers/STM32F4xx_HAL_Driver/Src/stm32f4xx_hal_gpio.c ****   [..]  
  37:Drivers/STM32F4xx_HAL_Driver/Src/stm32f4xx_hal_gpio.c ****   During and just after reset, the alternate functions and external interrupt  
  38:Drivers/STM32F4xx_HAL_Driver/Src/stm32f4xx_hal_gpio.c ****   lines are not active and the I/O ports are configured in input floating mode.
  39:Drivers/STM32F4xx_HAL_Driver/Src/stm32f4xx_hal_gpio.c ****   
  40:Drivers/STM32F4xx_HAL_Driver/Src/stm32f4xx_hal_gpio.c ****   [..]   
  41:Drivers/STM32F4xx_HAL_Driver/Src/stm32f4xx_hal_gpio.c ****   All GPIO pins have weak internal pull-up and pull-down resistors, which can be 
  42:Drivers/STM32F4xx_HAL_Driver/Src/stm32f4xx_hal_gpio.c ****   activated or not.
  43:Drivers/STM32F4xx_HAL_Driver/Src/stm32f4xx_hal_gpio.c **** 
  44:Drivers/STM32F4xx_HAL_Driver/Src/stm32f4xx_hal_gpio.c ****   [..]
  45:Drivers/STM32F4xx_HAL_Driver/Src/stm32f4xx_hal_gpio.c ****   In Output or Alternate mode, each IO can be configured on open-drain or push-pull
  46:Drivers/STM32F4xx_HAL_Driver/Src/stm32f4xx_hal_gpio.c ****   type and the IO speed can be selected depending on the VDD value.
  47:Drivers/STM32F4xx_HAL_Driver/Src/stm32f4xx_hal_gpio.c **** 
  48:Drivers/STM32F4xx_HAL_Driver/Src/stm32f4xx_hal_gpio.c ****   [..]  
  49:Drivers/STM32F4xx_HAL_Driver/Src/stm32f4xx_hal_gpio.c ****   All ports have external interrupt/event capability. To use external interrupt 
  50:Drivers/STM32F4xx_HAL_Driver/Src/stm32f4xx_hal_gpio.c ****   lines, the port must be configured in input mode. All available GPIO pins are 
  51:Drivers/STM32F4xx_HAL_Driver/Src/stm32f4xx_hal_gpio.c ****   connected to the 16 external interrupt/event lines from EXTI0 to EXTI15.
  52:Drivers/STM32F4xx_HAL_Driver/Src/stm32f4xx_hal_gpio.c ****   
  53:Drivers/STM32F4xx_HAL_Driver/Src/stm32f4xx_hal_gpio.c ****   [..]
  54:Drivers/STM32F4xx_HAL_Driver/Src/stm32f4xx_hal_gpio.c ****   The external interrupt/event controller consists of up to 23 edge detectors 
  55:Drivers/STM32F4xx_HAL_Driver/Src/stm32f4xx_hal_gpio.c ****   (16 lines are connected to GPIO) for generating event/interrupt requests (each 
  56:Drivers/STM32F4xx_HAL_Driver/Src/stm32f4xx_hal_gpio.c ****   input line can be independently configured to select the type (interrupt or event) 
  57:Drivers/STM32F4xx_HAL_Driver/Src/stm32f4xx_hal_gpio.c ****   and the corresponding trigger event (rising or falling or both). Each line can 
  58:Drivers/STM32F4xx_HAL_Driver/Src/stm32f4xx_hal_gpio.c ****   also be masked independently. 
  59:Drivers/STM32F4xx_HAL_Driver/Src/stm32f4xx_hal_gpio.c **** 
  60:Drivers/STM32F4xx_HAL_Driver/Src/stm32f4xx_hal_gpio.c ****                      ##### How to use this driver #####
  61:Drivers/STM32F4xx_HAL_Driver/Src/stm32f4xx_hal_gpio.c ****   ==============================================================================  
  62:Drivers/STM32F4xx_HAL_Driver/Src/stm32f4xx_hal_gpio.c ****   [..]
  63:Drivers/STM32F4xx_HAL_Driver/Src/stm32f4xx_hal_gpio.c ****     (#) Enable the GPIO AHB clock using the following function: __HAL_RCC_GPIOx_CLK_ENABLE(). 
  64:Drivers/STM32F4xx_HAL_Driver/Src/stm32f4xx_hal_gpio.c **** 
  65:Drivers/STM32F4xx_HAL_Driver/Src/stm32f4xx_hal_gpio.c ****     (#) Configure the GPIO pin(s) using HAL_GPIO_Init().
  66:Drivers/STM32F4xx_HAL_Driver/Src/stm32f4xx_hal_gpio.c ****         (++) Configure the IO mode using "Mode" member from GPIO_InitTypeDef structure
  67:Drivers/STM32F4xx_HAL_Driver/Src/stm32f4xx_hal_gpio.c ****         (++) Activate Pull-up, Pull-down resistor using "Pull" member from GPIO_InitTypeDef 
  68:Drivers/STM32F4xx_HAL_Driver/Src/stm32f4xx_hal_gpio.c ****              structure.
  69:Drivers/STM32F4xx_HAL_Driver/Src/stm32f4xx_hal_gpio.c ****         (++) In case of Output or alternate function mode selection: the speed is 
  70:Drivers/STM32F4xx_HAL_Driver/Src/stm32f4xx_hal_gpio.c ****              configured through "Speed" member from GPIO_InitTypeDef structure.
  71:Drivers/STM32F4xx_HAL_Driver/Src/stm32f4xx_hal_gpio.c ****         (++) In alternate mode is selection, the alternate function connected to the IO
  72:Drivers/STM32F4xx_HAL_Driver/Src/stm32f4xx_hal_gpio.c ****              is configured through "Alternate" member from GPIO_InitTypeDef structure.
  73:Drivers/STM32F4xx_HAL_Driver/Src/stm32f4xx_hal_gpio.c ****         (++) Analog mode is required when a pin is to be used as ADC channel 
  74:Drivers/STM32F4xx_HAL_Driver/Src/stm32f4xx_hal_gpio.c ****              or DAC output.
  75:Drivers/STM32F4xx_HAL_Driver/Src/stm32f4xx_hal_gpio.c ****         (++) In case of external interrupt/event selection the "Mode" member from 
  76:Drivers/STM32F4xx_HAL_Driver/Src/stm32f4xx_hal_gpio.c ****              GPIO_InitTypeDef structure select the type (interrupt or event) and 
  77:Drivers/STM32F4xx_HAL_Driver/Src/stm32f4xx_hal_gpio.c ****              the corresponding trigger event (rising or falling or both).
  78:Drivers/STM32F4xx_HAL_Driver/Src/stm32f4xx_hal_gpio.c **** 
  79:Drivers/STM32F4xx_HAL_Driver/Src/stm32f4xx_hal_gpio.c ****     (#) In case of external interrupt/event mode selection, configure NVIC IRQ priority 
  80:Drivers/STM32F4xx_HAL_Driver/Src/stm32f4xx_hal_gpio.c ****         mapped to the EXTI line using HAL_NVIC_SetPriority() and enable it using
  81:Drivers/STM32F4xx_HAL_Driver/Src/stm32f4xx_hal_gpio.c ****         HAL_NVIC_EnableIRQ().
  82:Drivers/STM32F4xx_HAL_Driver/Src/stm32f4xx_hal_gpio.c ****          
  83:Drivers/STM32F4xx_HAL_Driver/Src/stm32f4xx_hal_gpio.c ****     (#) To get the level of a pin configured in input mode use HAL_GPIO_ReadPin().
  84:Drivers/STM32F4xx_HAL_Driver/Src/stm32f4xx_hal_gpio.c ****             
  85:Drivers/STM32F4xx_HAL_Driver/Src/stm32f4xx_hal_gpio.c ****     (#) To set/reset the level of a pin configured in output mode use 
  86:Drivers/STM32F4xx_HAL_Driver/Src/stm32f4xx_hal_gpio.c ****         HAL_GPIO_WritePin()/HAL_GPIO_TogglePin().
ARM GAS  C:\Users\zazz0\AppData\Local\Temp\ccL579rO.s 			page 3


  87:Drivers/STM32F4xx_HAL_Driver/Src/stm32f4xx_hal_gpio.c ****     
  88:Drivers/STM32F4xx_HAL_Driver/Src/stm32f4xx_hal_gpio.c ****     (#) To lock pin configuration until next reset use HAL_GPIO_LockPin().
  89:Drivers/STM32F4xx_HAL_Driver/Src/stm32f4xx_hal_gpio.c **** 
  90:Drivers/STM32F4xx_HAL_Driver/Src/stm32f4xx_hal_gpio.c ****                  
  91:Drivers/STM32F4xx_HAL_Driver/Src/stm32f4xx_hal_gpio.c ****     (#) During and just after reset, the alternate functions are not 
  92:Drivers/STM32F4xx_HAL_Driver/Src/stm32f4xx_hal_gpio.c ****         active and the GPIO pins are configured in input floating mode (except JTAG
  93:Drivers/STM32F4xx_HAL_Driver/Src/stm32f4xx_hal_gpio.c ****         pins).
  94:Drivers/STM32F4xx_HAL_Driver/Src/stm32f4xx_hal_gpio.c ****   
  95:Drivers/STM32F4xx_HAL_Driver/Src/stm32f4xx_hal_gpio.c ****     (#) The LSE oscillator pins OSC32_IN and OSC32_OUT can be used as general purpose 
  96:Drivers/STM32F4xx_HAL_Driver/Src/stm32f4xx_hal_gpio.c ****         (PC14 and PC15, respectively) when the LSE oscillator is off. The LSE has 
  97:Drivers/STM32F4xx_HAL_Driver/Src/stm32f4xx_hal_gpio.c ****         priority over the GPIO function.
  98:Drivers/STM32F4xx_HAL_Driver/Src/stm32f4xx_hal_gpio.c ****   
  99:Drivers/STM32F4xx_HAL_Driver/Src/stm32f4xx_hal_gpio.c ****     (#) The HSE oscillator pins OSC_IN/OSC_OUT can be used as 
 100:Drivers/STM32F4xx_HAL_Driver/Src/stm32f4xx_hal_gpio.c ****         general purpose PH0 and PH1, respectively, when the HSE oscillator is off. 
 101:Drivers/STM32F4xx_HAL_Driver/Src/stm32f4xx_hal_gpio.c ****         The HSE has priority over the GPIO function.
 102:Drivers/STM32F4xx_HAL_Driver/Src/stm32f4xx_hal_gpio.c ****   
 103:Drivers/STM32F4xx_HAL_Driver/Src/stm32f4xx_hal_gpio.c ****   @endverbatim
 104:Drivers/STM32F4xx_HAL_Driver/Src/stm32f4xx_hal_gpio.c ****   ******************************************************************************
 105:Drivers/STM32F4xx_HAL_Driver/Src/stm32f4xx_hal_gpio.c ****   */ 
 106:Drivers/STM32F4xx_HAL_Driver/Src/stm32f4xx_hal_gpio.c **** 
 107:Drivers/STM32F4xx_HAL_Driver/Src/stm32f4xx_hal_gpio.c **** /* Includes ------------------------------------------------------------------*/
 108:Drivers/STM32F4xx_HAL_Driver/Src/stm32f4xx_hal_gpio.c **** #include "stm32f4xx_hal.h"
 109:Drivers/STM32F4xx_HAL_Driver/Src/stm32f4xx_hal_gpio.c **** 
 110:Drivers/STM32F4xx_HAL_Driver/Src/stm32f4xx_hal_gpio.c **** /** @addtogroup STM32F4xx_HAL_Driver
 111:Drivers/STM32F4xx_HAL_Driver/Src/stm32f4xx_hal_gpio.c ****   * @{
 112:Drivers/STM32F4xx_HAL_Driver/Src/stm32f4xx_hal_gpio.c ****   */
 113:Drivers/STM32F4xx_HAL_Driver/Src/stm32f4xx_hal_gpio.c **** 
 114:Drivers/STM32F4xx_HAL_Driver/Src/stm32f4xx_hal_gpio.c **** /** @defgroup GPIO GPIO
 115:Drivers/STM32F4xx_HAL_Driver/Src/stm32f4xx_hal_gpio.c ****   * @brief GPIO HAL module driver
 116:Drivers/STM32F4xx_HAL_Driver/Src/stm32f4xx_hal_gpio.c ****   * @{
 117:Drivers/STM32F4xx_HAL_Driver/Src/stm32f4xx_hal_gpio.c ****   */
 118:Drivers/STM32F4xx_HAL_Driver/Src/stm32f4xx_hal_gpio.c **** 
 119:Drivers/STM32F4xx_HAL_Driver/Src/stm32f4xx_hal_gpio.c **** #ifdef HAL_GPIO_MODULE_ENABLED
 120:Drivers/STM32F4xx_HAL_Driver/Src/stm32f4xx_hal_gpio.c **** 
 121:Drivers/STM32F4xx_HAL_Driver/Src/stm32f4xx_hal_gpio.c **** /* Private typedef -----------------------------------------------------------*/
 122:Drivers/STM32F4xx_HAL_Driver/Src/stm32f4xx_hal_gpio.c **** /* Private define ------------------------------------------------------------*/
 123:Drivers/STM32F4xx_HAL_Driver/Src/stm32f4xx_hal_gpio.c **** /** @addtogroup GPIO_Private_Constants GPIO Private Constants
 124:Drivers/STM32F4xx_HAL_Driver/Src/stm32f4xx_hal_gpio.c ****   * @{
 125:Drivers/STM32F4xx_HAL_Driver/Src/stm32f4xx_hal_gpio.c ****   */
 126:Drivers/STM32F4xx_HAL_Driver/Src/stm32f4xx_hal_gpio.c **** 
 127:Drivers/STM32F4xx_HAL_Driver/Src/stm32f4xx_hal_gpio.c **** #define GPIO_NUMBER           16U
 128:Drivers/STM32F4xx_HAL_Driver/Src/stm32f4xx_hal_gpio.c **** /**
 129:Drivers/STM32F4xx_HAL_Driver/Src/stm32f4xx_hal_gpio.c ****   * @}
 130:Drivers/STM32F4xx_HAL_Driver/Src/stm32f4xx_hal_gpio.c ****   */
 131:Drivers/STM32F4xx_HAL_Driver/Src/stm32f4xx_hal_gpio.c **** /* Private macro -------------------------------------------------------------*/
 132:Drivers/STM32F4xx_HAL_Driver/Src/stm32f4xx_hal_gpio.c **** /* Private variables ---------------------------------------------------------*/
 133:Drivers/STM32F4xx_HAL_Driver/Src/stm32f4xx_hal_gpio.c **** /* Private function prototypes -----------------------------------------------*/
 134:Drivers/STM32F4xx_HAL_Driver/Src/stm32f4xx_hal_gpio.c **** /* Private functions ---------------------------------------------------------*/
 135:Drivers/STM32F4xx_HAL_Driver/Src/stm32f4xx_hal_gpio.c **** /* Exported functions --------------------------------------------------------*/
 136:Drivers/STM32F4xx_HAL_Driver/Src/stm32f4xx_hal_gpio.c **** /** @defgroup GPIO_Exported_Functions GPIO Exported Functions
 137:Drivers/STM32F4xx_HAL_Driver/Src/stm32f4xx_hal_gpio.c ****   * @{
 138:Drivers/STM32F4xx_HAL_Driver/Src/stm32f4xx_hal_gpio.c ****   */
 139:Drivers/STM32F4xx_HAL_Driver/Src/stm32f4xx_hal_gpio.c **** 
 140:Drivers/STM32F4xx_HAL_Driver/Src/stm32f4xx_hal_gpio.c **** /** @defgroup GPIO_Exported_Functions_Group1 Initialization and de-initialization functions
 141:Drivers/STM32F4xx_HAL_Driver/Src/stm32f4xx_hal_gpio.c ****   *  @brief    Initialization and Configuration functions
 142:Drivers/STM32F4xx_HAL_Driver/Src/stm32f4xx_hal_gpio.c ****   *
 143:Drivers/STM32F4xx_HAL_Driver/Src/stm32f4xx_hal_gpio.c **** @verbatim    
ARM GAS  C:\Users\zazz0\AppData\Local\Temp\ccL579rO.s 			page 4


 144:Drivers/STM32F4xx_HAL_Driver/Src/stm32f4xx_hal_gpio.c ****  ===============================================================================
 145:Drivers/STM32F4xx_HAL_Driver/Src/stm32f4xx_hal_gpio.c ****               ##### Initialization and de-initialization functions #####
 146:Drivers/STM32F4xx_HAL_Driver/Src/stm32f4xx_hal_gpio.c ****  ===============================================================================
 147:Drivers/STM32F4xx_HAL_Driver/Src/stm32f4xx_hal_gpio.c ****   [..]
 148:Drivers/STM32F4xx_HAL_Driver/Src/stm32f4xx_hal_gpio.c ****     This section provides functions allowing to initialize and de-initialize the GPIOs
 149:Drivers/STM32F4xx_HAL_Driver/Src/stm32f4xx_hal_gpio.c ****     to be ready for use.
 150:Drivers/STM32F4xx_HAL_Driver/Src/stm32f4xx_hal_gpio.c ****  
 151:Drivers/STM32F4xx_HAL_Driver/Src/stm32f4xx_hal_gpio.c **** @endverbatim
 152:Drivers/STM32F4xx_HAL_Driver/Src/stm32f4xx_hal_gpio.c ****   * @{
 153:Drivers/STM32F4xx_HAL_Driver/Src/stm32f4xx_hal_gpio.c ****   */
 154:Drivers/STM32F4xx_HAL_Driver/Src/stm32f4xx_hal_gpio.c **** 
 155:Drivers/STM32F4xx_HAL_Driver/Src/stm32f4xx_hal_gpio.c **** 
 156:Drivers/STM32F4xx_HAL_Driver/Src/stm32f4xx_hal_gpio.c **** /**
 157:Drivers/STM32F4xx_HAL_Driver/Src/stm32f4xx_hal_gpio.c ****   * @brief  Initializes the GPIOx peripheral according to the specified parameters in the GPIO_Init
 158:Drivers/STM32F4xx_HAL_Driver/Src/stm32f4xx_hal_gpio.c ****   * @param  GPIOx where x can be (A..K) to select the GPIO peripheral for STM32F429X device or
 159:Drivers/STM32F4xx_HAL_Driver/Src/stm32f4xx_hal_gpio.c ****   *                      x can be (A..I) to select the GPIO peripheral for STM32F40XX and STM32F427
 160:Drivers/STM32F4xx_HAL_Driver/Src/stm32f4xx_hal_gpio.c ****   * @param  GPIO_Init pointer to a GPIO_InitTypeDef structure that contains
 161:Drivers/STM32F4xx_HAL_Driver/Src/stm32f4xx_hal_gpio.c ****   *         the configuration information for the specified GPIO peripheral.
 162:Drivers/STM32F4xx_HAL_Driver/Src/stm32f4xx_hal_gpio.c ****   * @retval None
 163:Drivers/STM32F4xx_HAL_Driver/Src/stm32f4xx_hal_gpio.c ****   */
 164:Drivers/STM32F4xx_HAL_Driver/Src/stm32f4xx_hal_gpio.c **** void HAL_GPIO_Init(GPIO_TypeDef  *GPIOx, GPIO_InitTypeDef *GPIO_Init)
 165:Drivers/STM32F4xx_HAL_Driver/Src/stm32f4xx_hal_gpio.c **** {
  30              		.loc 1 165 0
  31              		.cfi_startproc
  32              		@ args = 0, pretend = 0, frame = 8
  33              		@ frame_needed = 0, uses_anonymous_args = 0
  34              	.LVL0:
  35 0000 F0B5     		push	{r4, r5, r6, r7, lr}
  36              	.LCFI0:
  37              		.cfi_def_cfa_offset 20
  38              		.cfi_offset 4, -20
  39              		.cfi_offset 5, -16
  40              		.cfi_offset 6, -12
  41              		.cfi_offset 7, -8
  42              		.cfi_offset 14, -4
  43 0002 83B0     		sub	sp, sp, #12
  44              	.LCFI1:
  45              		.cfi_def_cfa_offset 32
  46              	.LVL1:
 166:Drivers/STM32F4xx_HAL_Driver/Src/stm32f4xx_hal_gpio.c ****   uint32_t position;
 167:Drivers/STM32F4xx_HAL_Driver/Src/stm32f4xx_hal_gpio.c ****   uint32_t ioposition = 0x00U;
 168:Drivers/STM32F4xx_HAL_Driver/Src/stm32f4xx_hal_gpio.c ****   uint32_t iocurrent = 0x00U;
 169:Drivers/STM32F4xx_HAL_Driver/Src/stm32f4xx_hal_gpio.c ****   uint32_t temp = 0x00U;
 170:Drivers/STM32F4xx_HAL_Driver/Src/stm32f4xx_hal_gpio.c **** 
 171:Drivers/STM32F4xx_HAL_Driver/Src/stm32f4xx_hal_gpio.c ****   /* Check the parameters */
 172:Drivers/STM32F4xx_HAL_Driver/Src/stm32f4xx_hal_gpio.c ****   assert_param(IS_GPIO_ALL_INSTANCE(GPIOx));
 173:Drivers/STM32F4xx_HAL_Driver/Src/stm32f4xx_hal_gpio.c ****   assert_param(IS_GPIO_PIN(GPIO_Init->Pin));
 174:Drivers/STM32F4xx_HAL_Driver/Src/stm32f4xx_hal_gpio.c ****   assert_param(IS_GPIO_MODE(GPIO_Init->Mode));
 175:Drivers/STM32F4xx_HAL_Driver/Src/stm32f4xx_hal_gpio.c **** 
 176:Drivers/STM32F4xx_HAL_Driver/Src/stm32f4xx_hal_gpio.c ****   /* Configure the port pins */
 177:Drivers/STM32F4xx_HAL_Driver/Src/stm32f4xx_hal_gpio.c ****   for(position = 0U; position < GPIO_NUMBER; position++)
  47              		.loc 1 177 0
  48 0004 0023     		movs	r3, #0
  49 0006 D5E0     		b	.L2
  50              	.LVL2:
  51              	.L12:
 178:Drivers/STM32F4xx_HAL_Driver/Src/stm32f4xx_hal_gpio.c ****   {
ARM GAS  C:\Users\zazz0\AppData\Local\Temp\ccL579rO.s 			page 5


 179:Drivers/STM32F4xx_HAL_Driver/Src/stm32f4xx_hal_gpio.c ****     /* Get the IO position */
 180:Drivers/STM32F4xx_HAL_Driver/Src/stm32f4xx_hal_gpio.c ****     ioposition = 0x01U << position;
  52              		.loc 1 180 0
  53 0008 0122     		movs	r2, #1
  54 000a 9A40     		lsls	r2, r2, r3
  55              	.LVL3:
 181:Drivers/STM32F4xx_HAL_Driver/Src/stm32f4xx_hal_gpio.c ****     /* Get the current IO position */
 182:Drivers/STM32F4xx_HAL_Driver/Src/stm32f4xx_hal_gpio.c ****     iocurrent = (uint32_t)(GPIO_Init->Pin) & ioposition;
  56              		.loc 1 182 0
  57 000c 0C68     		ldr	r4, [r1]
  58 000e 02EA0405 		and	r5, r2, r4
  59              	.LVL4:
 183:Drivers/STM32F4xx_HAL_Driver/Src/stm32f4xx_hal_gpio.c **** 
 184:Drivers/STM32F4xx_HAL_Driver/Src/stm32f4xx_hal_gpio.c ****     if(iocurrent == ioposition)
  60              		.loc 1 184 0
  61 0012 AA42     		cmp	r2, r5
  62 0014 40F0CD80 		bne	.L3
 185:Drivers/STM32F4xx_HAL_Driver/Src/stm32f4xx_hal_gpio.c ****     {
 186:Drivers/STM32F4xx_HAL_Driver/Src/stm32f4xx_hal_gpio.c ****       /*--------------------- GPIO Mode Configuration ------------------------*/
 187:Drivers/STM32F4xx_HAL_Driver/Src/stm32f4xx_hal_gpio.c ****       /* In case of Output or Alternate function mode selection */
 188:Drivers/STM32F4xx_HAL_Driver/Src/stm32f4xx_hal_gpio.c ****       if(((GPIO_Init->Mode & GPIO_MODE) == MODE_OUTPUT) || \
  63              		.loc 1 188 0
  64 0018 4C68     		ldr	r4, [r1, #4]
  65 001a 04F00304 		and	r4, r4, #3
  66 001e 013C     		subs	r4, r4, #1
  67 0020 012C     		cmp	r4, #1
  68 0022 15D8     		bhi	.L4
 189:Drivers/STM32F4xx_HAL_Driver/Src/stm32f4xx_hal_gpio.c ****           (GPIO_Init->Mode & GPIO_MODE) == MODE_AF)
 190:Drivers/STM32F4xx_HAL_Driver/Src/stm32f4xx_hal_gpio.c ****       {
 191:Drivers/STM32F4xx_HAL_Driver/Src/stm32f4xx_hal_gpio.c ****         /* Check the Speed parameter */
 192:Drivers/STM32F4xx_HAL_Driver/Src/stm32f4xx_hal_gpio.c ****         assert_param(IS_GPIO_SPEED(GPIO_Init->Speed));
 193:Drivers/STM32F4xx_HAL_Driver/Src/stm32f4xx_hal_gpio.c ****         /* Configure the IO Speed */
 194:Drivers/STM32F4xx_HAL_Driver/Src/stm32f4xx_hal_gpio.c ****         temp = GPIOx->OSPEEDR; 
  69              		.loc 1 194 0
  70 0024 8768     		ldr	r7, [r0, #8]
  71              	.LVL5:
 195:Drivers/STM32F4xx_HAL_Driver/Src/stm32f4xx_hal_gpio.c ****         temp &= ~(GPIO_OSPEEDER_OSPEEDR0 << (position * 2U));
  72              		.loc 1 195 0
  73 0026 4FEA430E 		lsl	lr, r3, #1
  74 002a 0326     		movs	r6, #3
  75 002c 06FA0EF6 		lsl	r6, r6, lr
  76 0030 27EA0606 		bic	r6, r7, r6
  77              	.LVL6:
 196:Drivers/STM32F4xx_HAL_Driver/Src/stm32f4xx_hal_gpio.c ****         temp |= (GPIO_Init->Speed << (position * 2U));
  78              		.loc 1 196 0
  79 0034 CC68     		ldr	r4, [r1, #12]
  80 0036 04FA0EF4 		lsl	r4, r4, lr
  81 003a 3443     		orrs	r4, r4, r6
  82              	.LVL7:
 197:Drivers/STM32F4xx_HAL_Driver/Src/stm32f4xx_hal_gpio.c ****         GPIOx->OSPEEDR = temp;
  83              		.loc 1 197 0
  84 003c 8460     		str	r4, [r0, #8]
 198:Drivers/STM32F4xx_HAL_Driver/Src/stm32f4xx_hal_gpio.c **** 
 199:Drivers/STM32F4xx_HAL_Driver/Src/stm32f4xx_hal_gpio.c ****         /* Configure the IO Output Type */
 200:Drivers/STM32F4xx_HAL_Driver/Src/stm32f4xx_hal_gpio.c ****         temp = GPIOx->OTYPER;
  85              		.loc 1 200 0
  86 003e 4468     		ldr	r4, [r0, #4]
ARM GAS  C:\Users\zazz0\AppData\Local\Temp\ccL579rO.s 			page 6


  87              	.LVL8:
 201:Drivers/STM32F4xx_HAL_Driver/Src/stm32f4xx_hal_gpio.c ****         temp &= ~(GPIO_OTYPER_OT_0 << position) ;
  88              		.loc 1 201 0
  89 0040 24EA0202 		bic	r2, r4, r2
  90              	.LVL9:
 202:Drivers/STM32F4xx_HAL_Driver/Src/stm32f4xx_hal_gpio.c ****         temp |= (((GPIO_Init->Mode & OUTPUT_TYPE) >> OUTPUT_TYPE_Pos) << position);
  91              		.loc 1 202 0
  92 0044 4C68     		ldr	r4, [r1, #4]
  93 0046 C4F30014 		ubfx	r4, r4, #4, #1
  94 004a 9C40     		lsls	r4, r4, r3
  95 004c 2243     		orrs	r2, r2, r4
  96              	.LVL10:
 203:Drivers/STM32F4xx_HAL_Driver/Src/stm32f4xx_hal_gpio.c ****         GPIOx->OTYPER = temp;
  97              		.loc 1 203 0
  98 004e 4260     		str	r2, [r0, #4]
  99              	.LVL11:
 100              	.L4:
 204:Drivers/STM32F4xx_HAL_Driver/Src/stm32f4xx_hal_gpio.c ****        }
 205:Drivers/STM32F4xx_HAL_Driver/Src/stm32f4xx_hal_gpio.c **** 
 206:Drivers/STM32F4xx_HAL_Driver/Src/stm32f4xx_hal_gpio.c ****       if((GPIO_Init->Mode & GPIO_MODE) != MODE_ANALOG)
 101              		.loc 1 206 0
 102 0050 4A68     		ldr	r2, [r1, #4]
 103 0052 02F00302 		and	r2, r2, #3
 104 0056 032A     		cmp	r2, #3
 105 0058 09D0     		beq	.L5
 207:Drivers/STM32F4xx_HAL_Driver/Src/stm32f4xx_hal_gpio.c ****       {
 208:Drivers/STM32F4xx_HAL_Driver/Src/stm32f4xx_hal_gpio.c ****         /* Check the parameters */
 209:Drivers/STM32F4xx_HAL_Driver/Src/stm32f4xx_hal_gpio.c ****         assert_param(IS_GPIO_PULL(GPIO_Init->Pull));
 210:Drivers/STM32F4xx_HAL_Driver/Src/stm32f4xx_hal_gpio.c ****         
 211:Drivers/STM32F4xx_HAL_Driver/Src/stm32f4xx_hal_gpio.c ****         /* Activate the Pull-up or Pull down resistor for the current IO */
 212:Drivers/STM32F4xx_HAL_Driver/Src/stm32f4xx_hal_gpio.c ****         temp = GPIOx->PUPDR;
 106              		.loc 1 212 0
 107 005a C668     		ldr	r6, [r0, #12]
 108              	.LVL12:
 213:Drivers/STM32F4xx_HAL_Driver/Src/stm32f4xx_hal_gpio.c ****         temp &= ~(GPIO_PUPDR_PUPDR0 << (position * 2U));
 109              		.loc 1 213 0
 110 005c 5F00     		lsls	r7, r3, #1
 111 005e 0324     		movs	r4, #3
 112 0060 BC40     		lsls	r4, r4, r7
 113 0062 26EA0404 		bic	r4, r6, r4
 114              	.LVL13:
 214:Drivers/STM32F4xx_HAL_Driver/Src/stm32f4xx_hal_gpio.c ****         temp |= ((GPIO_Init->Pull) << (position * 2U));
 115              		.loc 1 214 0
 116 0066 8A68     		ldr	r2, [r1, #8]
 117 0068 BA40     		lsls	r2, r2, r7
 118 006a 2243     		orrs	r2, r2, r4
 119              	.LVL14:
 215:Drivers/STM32F4xx_HAL_Driver/Src/stm32f4xx_hal_gpio.c ****         GPIOx->PUPDR = temp;
 120              		.loc 1 215 0
 121 006c C260     		str	r2, [r0, #12]
 122              	.LVL15:
 123              	.L5:
 216:Drivers/STM32F4xx_HAL_Driver/Src/stm32f4xx_hal_gpio.c ****       }
 217:Drivers/STM32F4xx_HAL_Driver/Src/stm32f4xx_hal_gpio.c **** 
 218:Drivers/STM32F4xx_HAL_Driver/Src/stm32f4xx_hal_gpio.c ****       /* In case of Alternate function mode selection */
 219:Drivers/STM32F4xx_HAL_Driver/Src/stm32f4xx_hal_gpio.c ****       if((GPIO_Init->Mode & GPIO_MODE) == MODE_AF)
 124              		.loc 1 219 0
ARM GAS  C:\Users\zazz0\AppData\Local\Temp\ccL579rO.s 			page 7


 125 006e 4A68     		ldr	r2, [r1, #4]
 126 0070 02F00302 		and	r2, r2, #3
 127 0074 022A     		cmp	r2, #2
 128 0076 0FD1     		bne	.L6
 220:Drivers/STM32F4xx_HAL_Driver/Src/stm32f4xx_hal_gpio.c ****       {
 221:Drivers/STM32F4xx_HAL_Driver/Src/stm32f4xx_hal_gpio.c ****         /* Check the Alternate function parameter */
 222:Drivers/STM32F4xx_HAL_Driver/Src/stm32f4xx_hal_gpio.c ****         assert_param(IS_GPIO_AF(GPIO_Init->Alternate));
 223:Drivers/STM32F4xx_HAL_Driver/Src/stm32f4xx_hal_gpio.c ****         /* Configure Alternate function mapped with the current IO */
 224:Drivers/STM32F4xx_HAL_Driver/Src/stm32f4xx_hal_gpio.c ****         temp = GPIOx->AFR[position >> 3U];
 129              		.loc 1 224 0
 130 0078 DC08     		lsrs	r4, r3, #3
 131 007a 0834     		adds	r4, r4, #8
 132 007c 50F82470 		ldr	r7, [r0, r4, lsl #2]
 133              	.LVL16:
 225:Drivers/STM32F4xx_HAL_Driver/Src/stm32f4xx_hal_gpio.c ****         temp &= ~(0xFU << ((uint32_t)(position & 0x07U) * 4U)) ;
 134              		.loc 1 225 0
 135 0080 03F00702 		and	r2, r3, #7
 136 0084 9600     		lsls	r6, r2, #2
 137 0086 0F22     		movs	r2, #15
 138 0088 B240     		lsls	r2, r2, r6
 139 008a 27EA0207 		bic	r7, r7, r2
 140              	.LVL17:
 226:Drivers/STM32F4xx_HAL_Driver/Src/stm32f4xx_hal_gpio.c ****         temp |= ((uint32_t)(GPIO_Init->Alternate) << (((uint32_t)position & 0x07U) * 4U));
 141              		.loc 1 226 0
 142 008e 0A69     		ldr	r2, [r1, #16]
 143 0090 B240     		lsls	r2, r2, r6
 144 0092 3A43     		orrs	r2, r2, r7
 145              	.LVL18:
 227:Drivers/STM32F4xx_HAL_Driver/Src/stm32f4xx_hal_gpio.c ****         GPIOx->AFR[position >> 3U] = temp;
 146              		.loc 1 227 0
 147 0094 40F82420 		str	r2, [r0, r4, lsl #2]
 148              	.LVL19:
 149              	.L6:
 228:Drivers/STM32F4xx_HAL_Driver/Src/stm32f4xx_hal_gpio.c ****       }
 229:Drivers/STM32F4xx_HAL_Driver/Src/stm32f4xx_hal_gpio.c **** 
 230:Drivers/STM32F4xx_HAL_Driver/Src/stm32f4xx_hal_gpio.c ****       /* Configure IO Direction mode (Input, Output, Alternate or Analog) */
 231:Drivers/STM32F4xx_HAL_Driver/Src/stm32f4xx_hal_gpio.c ****       temp = GPIOx->MODER;
 150              		.loc 1 231 0
 151 0098 0468     		ldr	r4, [r0]
 152              	.LVL20:
 232:Drivers/STM32F4xx_HAL_Driver/Src/stm32f4xx_hal_gpio.c ****       temp &= ~(GPIO_MODER_MODER0 << (position * 2U));
 153              		.loc 1 232 0
 154 009a 5F00     		lsls	r7, r3, #1
 155 009c 0326     		movs	r6, #3
 156 009e BE40     		lsls	r6, r6, r7
 157 00a0 24EA0606 		bic	r6, r4, r6
 158              	.LVL21:
 233:Drivers/STM32F4xx_HAL_Driver/Src/stm32f4xx_hal_gpio.c ****       temp |= ((GPIO_Init->Mode & GPIO_MODE) << (position * 2U));
 159              		.loc 1 233 0
 160 00a4 4A68     		ldr	r2, [r1, #4]
 161 00a6 02F00304 		and	r4, r2, #3
 162 00aa 04FA07F2 		lsl	r2, r4, r7
 163 00ae 3243     		orrs	r2, r2, r6
 164              	.LVL22:
 234:Drivers/STM32F4xx_HAL_Driver/Src/stm32f4xx_hal_gpio.c ****       GPIOx->MODER = temp;
 165              		.loc 1 234 0
 166 00b0 0260     		str	r2, [r0]
ARM GAS  C:\Users\zazz0\AppData\Local\Temp\ccL579rO.s 			page 8


 235:Drivers/STM32F4xx_HAL_Driver/Src/stm32f4xx_hal_gpio.c **** 
 236:Drivers/STM32F4xx_HAL_Driver/Src/stm32f4xx_hal_gpio.c ****       /*--------------------- EXTI Mode Configuration ------------------------*/
 237:Drivers/STM32F4xx_HAL_Driver/Src/stm32f4xx_hal_gpio.c ****       /* Configure the External Interrupt or event for the current IO */
 238:Drivers/STM32F4xx_HAL_Driver/Src/stm32f4xx_hal_gpio.c ****       if((GPIO_Init->Mode & EXTI_MODE) != 0x00U)
 167              		.loc 1 238 0
 168 00b2 4A68     		ldr	r2, [r1, #4]
 169              	.LVL23:
 170 00b4 12F4403F 		tst	r2, #196608
 171 00b8 7BD0     		beq	.L3
 172              	.LBB2:
 239:Drivers/STM32F4xx_HAL_Driver/Src/stm32f4xx_hal_gpio.c ****       {
 240:Drivers/STM32F4xx_HAL_Driver/Src/stm32f4xx_hal_gpio.c ****         /* Enable SYSCFG Clock */
 241:Drivers/STM32F4xx_HAL_Driver/Src/stm32f4xx_hal_gpio.c ****         __HAL_RCC_SYSCFG_CLK_ENABLE();
 173              		.loc 1 241 0
 174 00ba 0022     		movs	r2, #0
 175 00bc 0192     		str	r2, [sp, #4]
 176              	.LVL24:
 177 00be 404A     		ldr	r2, .L22
 178 00c0 546C     		ldr	r4, [r2, #68]
 179              	.LVL25:
 180 00c2 44F48044 		orr	r4, r4, #16384
 181 00c6 5464     		str	r4, [r2, #68]
 182 00c8 526C     		ldr	r2, [r2, #68]
 183 00ca 02F48042 		and	r2, r2, #16384
 184 00ce 0192     		str	r2, [sp, #4]
 185 00d0 019A     		ldr	r2, [sp, #4]
 186              	.LBE2:
 242:Drivers/STM32F4xx_HAL_Driver/Src/stm32f4xx_hal_gpio.c **** 
 243:Drivers/STM32F4xx_HAL_Driver/Src/stm32f4xx_hal_gpio.c ****         temp = SYSCFG->EXTICR[position >> 2U];
 187              		.loc 1 243 0
 188 00d2 9E08     		lsrs	r6, r3, #2
 189 00d4 B41C     		adds	r4, r6, #2
 190 00d6 3B4A     		ldr	r2, .L22+4
 191 00d8 52F82470 		ldr	r7, [r2, r4, lsl #2]
 192              	.LVL26:
 244:Drivers/STM32F4xx_HAL_Driver/Src/stm32f4xx_hal_gpio.c ****         temp &= ~(0x0FU << (4U * (position & 0x03U)));
 193              		.loc 1 244 0
 194 00dc 03F00302 		and	r2, r3, #3
 195 00e0 9200     		lsls	r2, r2, #2
 196 00e2 0F24     		movs	r4, #15
 197 00e4 9440     		lsls	r4, r4, r2
 198 00e6 27EA0407 		bic	r7, r7, r4
 199              	.LVL27:
 245:Drivers/STM32F4xx_HAL_Driver/Src/stm32f4xx_hal_gpio.c ****         temp |= ((uint32_t)(GPIO_GET_INDEX(GPIOx)) << (4U * (position & 0x03U)));
 200              		.loc 1 245 0
 201 00ea 374C     		ldr	r4, .L22+8
 202 00ec A042     		cmp	r0, r4
 203 00ee 1DD0     		beq	.L13
 204              		.loc 1 245 0 is_stmt 0 discriminator 1
 205 00f0 04F58064 		add	r4, r4, #1024
 206 00f4 A042     		cmp	r0, r4
 207 00f6 1BD0     		beq	.L14
 208              		.loc 1 245 0 discriminator 3
 209 00f8 04F58064 		add	r4, r4, #1024
 210 00fc A042     		cmp	r0, r4
 211 00fe 19D0     		beq	.L15
 212              		.loc 1 245 0 discriminator 5
ARM GAS  C:\Users\zazz0\AppData\Local\Temp\ccL579rO.s 			page 9


 213 0100 04F58064 		add	r4, r4, #1024
 214 0104 A042     		cmp	r0, r4
 215 0106 17D0     		beq	.L16
 216              		.loc 1 245 0 discriminator 7
 217 0108 04F58064 		add	r4, r4, #1024
 218 010c A042     		cmp	r0, r4
 219 010e 15D0     		beq	.L17
 220              		.loc 1 245 0 discriminator 9
 221 0110 04F58064 		add	r4, r4, #1024
 222 0114 A042     		cmp	r0, r4
 223 0116 13D0     		beq	.L18
 224              		.loc 1 245 0 discriminator 11
 225 0118 04F58064 		add	r4, r4, #1024
 226 011c A042     		cmp	r0, r4
 227 011e 11D0     		beq	.L19
 228              		.loc 1 245 0 discriminator 13
 229 0120 04F58064 		add	r4, r4, #1024
 230 0124 A042     		cmp	r0, r4
 231 0126 0FD1     		bne	.L20
 232              		.loc 1 245 0
 233 0128 0724     		movs	r4, #7
 234 012a 0EE0     		b	.L7
 235              	.L13:
 236 012c 0024     		movs	r4, #0
 237 012e 0CE0     		b	.L7
 238              	.L14:
 239 0130 0124     		movs	r4, #1
 240              	.LVL28:
 241 0132 0AE0     		b	.L7
 242              	.LVL29:
 243              	.L15:
 244 0134 0224     		movs	r4, #2
 245 0136 08E0     		b	.L7
 246              	.L16:
 247 0138 0324     		movs	r4, #3
 248 013a 06E0     		b	.L7
 249              	.L17:
 250 013c 0424     		movs	r4, #4
 251 013e 04E0     		b	.L7
 252              	.L18:
 253 0140 0524     		movs	r4, #5
 254 0142 02E0     		b	.L7
 255              	.L19:
 256 0144 0624     		movs	r4, #6
 257 0146 00E0     		b	.L7
 258              	.L20:
 259 0148 0824     		movs	r4, #8
 260              	.L7:
 261              		.loc 1 245 0 discriminator 32
 262 014a 04FA02F2 		lsl	r2, r4, r2
 263 014e 3A43     		orrs	r2, r2, r7
 264              	.LVL30:
 246:Drivers/STM32F4xx_HAL_Driver/Src/stm32f4xx_hal_gpio.c ****         SYSCFG->EXTICR[position >> 2U] = temp;
 265              		.loc 1 246 0 is_stmt 1 discriminator 32
 266 0150 0236     		adds	r6, r6, #2
 267 0152 1C4C     		ldr	r4, .L22+4
 268 0154 44F82620 		str	r2, [r4, r6, lsl #2]
ARM GAS  C:\Users\zazz0\AppData\Local\Temp\ccL579rO.s 			page 10


 247:Drivers/STM32F4xx_HAL_Driver/Src/stm32f4xx_hal_gpio.c **** 
 248:Drivers/STM32F4xx_HAL_Driver/Src/stm32f4xx_hal_gpio.c ****         /* Clear Rising Falling edge configuration */
 249:Drivers/STM32F4xx_HAL_Driver/Src/stm32f4xx_hal_gpio.c ****         temp = EXTI->RTSR;
 269              		.loc 1 249 0 discriminator 32
 270 0158 1C4A     		ldr	r2, .L22+12
 271              	.LVL31:
 272 015a 9468     		ldr	r4, [r2, #8]
 273              	.LVL32:
 250:Drivers/STM32F4xx_HAL_Driver/Src/stm32f4xx_hal_gpio.c ****         temp &= ~((uint32_t)iocurrent);
 274              		.loc 1 250 0 discriminator 32
 275 015c EA43     		mvns	r2, r5
 276 015e 04EA0206 		and	r6, r4, r2
 277              	.LVL33:
 251:Drivers/STM32F4xx_HAL_Driver/Src/stm32f4xx_hal_gpio.c ****         if((GPIO_Init->Mode & TRIGGER_RISING) != 0x00U)
 278              		.loc 1 251 0 discriminator 32
 279 0162 4F68     		ldr	r7, [r1, #4]
 280 0164 17F4801F 		tst	r7, #1048576
 281 0168 01D0     		beq	.L8
 252:Drivers/STM32F4xx_HAL_Driver/Src/stm32f4xx_hal_gpio.c ****         {
 253:Drivers/STM32F4xx_HAL_Driver/Src/stm32f4xx_hal_gpio.c ****           temp |= iocurrent;
 282              		.loc 1 253 0
 283 016a 45EA0406 		orr	r6, r5, r4
 284              	.LVL34:
 285              	.L8:
 254:Drivers/STM32F4xx_HAL_Driver/Src/stm32f4xx_hal_gpio.c ****         }
 255:Drivers/STM32F4xx_HAL_Driver/Src/stm32f4xx_hal_gpio.c ****         EXTI->RTSR = temp;
 286              		.loc 1 255 0
 287 016e 174C     		ldr	r4, .L22+12
 288 0170 A660     		str	r6, [r4, #8]
 256:Drivers/STM32F4xx_HAL_Driver/Src/stm32f4xx_hal_gpio.c **** 
 257:Drivers/STM32F4xx_HAL_Driver/Src/stm32f4xx_hal_gpio.c ****         temp = EXTI->FTSR;
 289              		.loc 1 257 0
 290 0172 E468     		ldr	r4, [r4, #12]
 291              	.LVL35:
 258:Drivers/STM32F4xx_HAL_Driver/Src/stm32f4xx_hal_gpio.c ****         temp &= ~((uint32_t)iocurrent);
 292              		.loc 1 258 0
 293 0174 02EA0406 		and	r6, r2, r4
 294              	.LVL36:
 259:Drivers/STM32F4xx_HAL_Driver/Src/stm32f4xx_hal_gpio.c ****         if((GPIO_Init->Mode & TRIGGER_FALLING) != 0x00U)
 295              		.loc 1 259 0
 296 0178 4F68     		ldr	r7, [r1, #4]
 297 017a 17F4001F 		tst	r7, #2097152
 298 017e 01D0     		beq	.L9
 260:Drivers/STM32F4xx_HAL_Driver/Src/stm32f4xx_hal_gpio.c ****         {
 261:Drivers/STM32F4xx_HAL_Driver/Src/stm32f4xx_hal_gpio.c ****           temp |= iocurrent;
 299              		.loc 1 261 0
 300 0180 45EA0406 		orr	r6, r5, r4
 301              	.LVL37:
 302              	.L9:
 262:Drivers/STM32F4xx_HAL_Driver/Src/stm32f4xx_hal_gpio.c ****         }
 263:Drivers/STM32F4xx_HAL_Driver/Src/stm32f4xx_hal_gpio.c ****         EXTI->FTSR = temp;
 303              		.loc 1 263 0
 304 0184 114C     		ldr	r4, .L22+12
 305 0186 E660     		str	r6, [r4, #12]
 264:Drivers/STM32F4xx_HAL_Driver/Src/stm32f4xx_hal_gpio.c **** 
 265:Drivers/STM32F4xx_HAL_Driver/Src/stm32f4xx_hal_gpio.c ****         temp = EXTI->EMR;
 306              		.loc 1 265 0
ARM GAS  C:\Users\zazz0\AppData\Local\Temp\ccL579rO.s 			page 11


 307 0188 6468     		ldr	r4, [r4, #4]
 308              	.LVL38:
 266:Drivers/STM32F4xx_HAL_Driver/Src/stm32f4xx_hal_gpio.c ****         temp &= ~((uint32_t)iocurrent);
 309              		.loc 1 266 0
 310 018a 02EA0406 		and	r6, r2, r4
 311              	.LVL39:
 267:Drivers/STM32F4xx_HAL_Driver/Src/stm32f4xx_hal_gpio.c ****         if((GPIO_Init->Mode & EXTI_EVT) != 0x00U)
 312              		.loc 1 267 0
 313 018e 4F68     		ldr	r7, [r1, #4]
 314 0190 17F4003F 		tst	r7, #131072
 315 0194 01D0     		beq	.L10
 268:Drivers/STM32F4xx_HAL_Driver/Src/stm32f4xx_hal_gpio.c ****         {
 269:Drivers/STM32F4xx_HAL_Driver/Src/stm32f4xx_hal_gpio.c ****           temp |= iocurrent;
 316              		.loc 1 269 0
 317 0196 45EA0406 		orr	r6, r5, r4
 318              	.LVL40:
 319              	.L10:
 270:Drivers/STM32F4xx_HAL_Driver/Src/stm32f4xx_hal_gpio.c ****         }
 271:Drivers/STM32F4xx_HAL_Driver/Src/stm32f4xx_hal_gpio.c ****         EXTI->EMR = temp;
 320              		.loc 1 271 0
 321 019a 0C4C     		ldr	r4, .L22+12
 322 019c 6660     		str	r6, [r4, #4]
 272:Drivers/STM32F4xx_HAL_Driver/Src/stm32f4xx_hal_gpio.c **** 
 273:Drivers/STM32F4xx_HAL_Driver/Src/stm32f4xx_hal_gpio.c ****         /* Clear EXTI line configuration */
 274:Drivers/STM32F4xx_HAL_Driver/Src/stm32f4xx_hal_gpio.c ****         temp = EXTI->IMR;
 323              		.loc 1 274 0
 324 019e 2468     		ldr	r4, [r4]
 325              	.LVL41:
 275:Drivers/STM32F4xx_HAL_Driver/Src/stm32f4xx_hal_gpio.c ****         temp &= ~((uint32_t)iocurrent);
 326              		.loc 1 275 0
 327 01a0 2240     		ands	r2, r2, r4
 328              	.LVL42:
 276:Drivers/STM32F4xx_HAL_Driver/Src/stm32f4xx_hal_gpio.c ****         if((GPIO_Init->Mode & EXTI_IT) != 0x00U)
 329              		.loc 1 276 0
 330 01a2 4E68     		ldr	r6, [r1, #4]
 331 01a4 16F4803F 		tst	r6, #65536
 332 01a8 01D0     		beq	.L11
 277:Drivers/STM32F4xx_HAL_Driver/Src/stm32f4xx_hal_gpio.c ****         {
 278:Drivers/STM32F4xx_HAL_Driver/Src/stm32f4xx_hal_gpio.c ****           temp |= iocurrent;
 333              		.loc 1 278 0
 334 01aa 45EA0402 		orr	r2, r5, r4
 335              	.LVL43:
 336              	.L11:
 279:Drivers/STM32F4xx_HAL_Driver/Src/stm32f4xx_hal_gpio.c ****         }
 280:Drivers/STM32F4xx_HAL_Driver/Src/stm32f4xx_hal_gpio.c ****         EXTI->IMR = temp;
 337              		.loc 1 280 0
 338 01ae 074C     		ldr	r4, .L22+12
 339 01b0 2260     		str	r2, [r4]
 340              	.LVL44:
 341              	.L3:
 177:Drivers/STM32F4xx_HAL_Driver/Src/stm32f4xx_hal_gpio.c ****   {
 342              		.loc 1 177 0 discriminator 2
 343 01b2 0133     		adds	r3, r3, #1
 344              	.LVL45:
 345              	.L2:
 177:Drivers/STM32F4xx_HAL_Driver/Src/stm32f4xx_hal_gpio.c ****   {
 346              		.loc 1 177 0 is_stmt 0 discriminator 1
ARM GAS  C:\Users\zazz0\AppData\Local\Temp\ccL579rO.s 			page 12


 347 01b4 0F2B     		cmp	r3, #15
 348 01b6 7FF627AF 		bls	.L12
 281:Drivers/STM32F4xx_HAL_Driver/Src/stm32f4xx_hal_gpio.c ****       }
 282:Drivers/STM32F4xx_HAL_Driver/Src/stm32f4xx_hal_gpio.c ****     }
 283:Drivers/STM32F4xx_HAL_Driver/Src/stm32f4xx_hal_gpio.c ****   }
 284:Drivers/STM32F4xx_HAL_Driver/Src/stm32f4xx_hal_gpio.c **** }
 349              		.loc 1 284 0 is_stmt 1
 350 01ba 03B0     		add	sp, sp, #12
 351              	.LCFI2:
 352              		.cfi_def_cfa_offset 20
 353              		@ sp needed
 354 01bc F0BD     		pop	{r4, r5, r6, r7, pc}
 355              	.L23:
 356 01be 00BF     		.align	2
 357              	.L22:
 358 01c0 00380240 		.word	1073887232
 359 01c4 00380140 		.word	1073821696
 360 01c8 00000240 		.word	1073872896
 361 01cc 003C0140 		.word	1073822720
 362              		.cfi_endproc
 363              	.LFE235:
 365              		.section	.text.HAL_GPIO_DeInit,"ax",%progbits
 366              		.align	2
 367              		.global	HAL_GPIO_DeInit
 368              		.thumb
 369              		.thumb_func
 371              	HAL_GPIO_DeInit:
 372              	.LFB236:
 285:Drivers/STM32F4xx_HAL_Driver/Src/stm32f4xx_hal_gpio.c **** 
 286:Drivers/STM32F4xx_HAL_Driver/Src/stm32f4xx_hal_gpio.c **** /**
 287:Drivers/STM32F4xx_HAL_Driver/Src/stm32f4xx_hal_gpio.c ****   * @brief  De-initializes the GPIOx peripheral registers to their default reset values.
 288:Drivers/STM32F4xx_HAL_Driver/Src/stm32f4xx_hal_gpio.c ****   * @param  GPIOx where x can be (A..K) to select the GPIO peripheral for STM32F429X device or
 289:Drivers/STM32F4xx_HAL_Driver/Src/stm32f4xx_hal_gpio.c ****   *                      x can be (A..I) to select the GPIO peripheral for STM32F40XX and STM32F427
 290:Drivers/STM32F4xx_HAL_Driver/Src/stm32f4xx_hal_gpio.c ****   * @param  GPIO_Pin specifies the port bit to be written.
 291:Drivers/STM32F4xx_HAL_Driver/Src/stm32f4xx_hal_gpio.c ****   *          This parameter can be one of GPIO_PIN_x where x can be (0..15).
 292:Drivers/STM32F4xx_HAL_Driver/Src/stm32f4xx_hal_gpio.c ****   * @retval None
 293:Drivers/STM32F4xx_HAL_Driver/Src/stm32f4xx_hal_gpio.c ****   */
 294:Drivers/STM32F4xx_HAL_Driver/Src/stm32f4xx_hal_gpio.c **** void HAL_GPIO_DeInit(GPIO_TypeDef  *GPIOx, uint32_t GPIO_Pin)
 295:Drivers/STM32F4xx_HAL_Driver/Src/stm32f4xx_hal_gpio.c **** {
 373              		.loc 1 295 0
 374              		.cfi_startproc
 375              		@ args = 0, pretend = 0, frame = 0
 376              		@ frame_needed = 0, uses_anonymous_args = 0
 377              	.LVL46:
 378 0000 F0B5     		push	{r4, r5, r6, r7, lr}
 379              	.LCFI3:
 380              		.cfi_def_cfa_offset 20
 381              		.cfi_offset 4, -20
 382              		.cfi_offset 5, -16
 383              		.cfi_offset 6, -12
 384              		.cfi_offset 7, -8
 385              		.cfi_offset 14, -4
 386              	.LVL47:
 296:Drivers/STM32F4xx_HAL_Driver/Src/stm32f4xx_hal_gpio.c ****   uint32_t position;
 297:Drivers/STM32F4xx_HAL_Driver/Src/stm32f4xx_hal_gpio.c ****   uint32_t ioposition = 0x00U;
 298:Drivers/STM32F4xx_HAL_Driver/Src/stm32f4xx_hal_gpio.c ****   uint32_t iocurrent = 0x00U;
 299:Drivers/STM32F4xx_HAL_Driver/Src/stm32f4xx_hal_gpio.c ****   uint32_t tmp = 0x00U;
ARM GAS  C:\Users\zazz0\AppData\Local\Temp\ccL579rO.s 			page 13


 300:Drivers/STM32F4xx_HAL_Driver/Src/stm32f4xx_hal_gpio.c **** 
 301:Drivers/STM32F4xx_HAL_Driver/Src/stm32f4xx_hal_gpio.c ****   /* Check the parameters */
 302:Drivers/STM32F4xx_HAL_Driver/Src/stm32f4xx_hal_gpio.c ****   assert_param(IS_GPIO_ALL_INSTANCE(GPIOx));
 303:Drivers/STM32F4xx_HAL_Driver/Src/stm32f4xx_hal_gpio.c ****   
 304:Drivers/STM32F4xx_HAL_Driver/Src/stm32f4xx_hal_gpio.c ****   /* Configure the port pins */
 305:Drivers/STM32F4xx_HAL_Driver/Src/stm32f4xx_hal_gpio.c ****   for(position = 0U; position < GPIO_NUMBER; position++)
 387              		.loc 1 305 0
 388 0002 0023     		movs	r3, #0
 389 0004 89E0     		b	.L25
 390              	.LVL48:
 391              	.L29:
 306:Drivers/STM32F4xx_HAL_Driver/Src/stm32f4xx_hal_gpio.c ****   {
 307:Drivers/STM32F4xx_HAL_Driver/Src/stm32f4xx_hal_gpio.c ****     /* Get the IO position */
 308:Drivers/STM32F4xx_HAL_Driver/Src/stm32f4xx_hal_gpio.c ****     ioposition = 0x01U << position;
 392              		.loc 1 308 0
 393 0006 0122     		movs	r2, #1
 394 0008 9A40     		lsls	r2, r2, r3
 395              	.LVL49:
 309:Drivers/STM32F4xx_HAL_Driver/Src/stm32f4xx_hal_gpio.c ****     /* Get the current IO position */
 310:Drivers/STM32F4xx_HAL_Driver/Src/stm32f4xx_hal_gpio.c ****     iocurrent = (GPIO_Pin) & ioposition;
 396              		.loc 1 310 0
 397 000a 02EA0104 		and	r4, r2, r1
 398              	.LVL50:
 311:Drivers/STM32F4xx_HAL_Driver/Src/stm32f4xx_hal_gpio.c **** 
 312:Drivers/STM32F4xx_HAL_Driver/Src/stm32f4xx_hal_gpio.c ****     if(iocurrent == ioposition)
 399              		.loc 1 312 0
 400 000e A242     		cmp	r2, r4
 401 0010 40F08280 		bne	.L26
 313:Drivers/STM32F4xx_HAL_Driver/Src/stm32f4xx_hal_gpio.c ****     {
 314:Drivers/STM32F4xx_HAL_Driver/Src/stm32f4xx_hal_gpio.c ****       /*------------------------- EXTI Mode Configuration --------------------*/
 315:Drivers/STM32F4xx_HAL_Driver/Src/stm32f4xx_hal_gpio.c ****       tmp = SYSCFG->EXTICR[position >> 2U];
 402              		.loc 1 315 0
 403 0014 4FEA930C 		lsr	ip, r3, #2
 404 0018 0CF10206 		add	r6, ip, #2
 405 001c 414D     		ldr	r5, .L39
 406 001e 55F82670 		ldr	r7, [r5, r6, lsl #2]
 407              	.LVL51:
 316:Drivers/STM32F4xx_HAL_Driver/Src/stm32f4xx_hal_gpio.c ****       tmp &= (0x0FU << (4U * (position & 0x03U)));
 408              		.loc 1 316 0
 409 0022 03F00305 		and	r5, r3, #3
 410 0026 AD00     		lsls	r5, r5, #2
 411 0028 0F26     		movs	r6, #15
 412 002a AE40     		lsls	r6, r6, r5
 413 002c 3740     		ands	r7, r7, r6
 414              	.LVL52:
 317:Drivers/STM32F4xx_HAL_Driver/Src/stm32f4xx_hal_gpio.c ****       if(tmp == ((uint32_t)(GPIO_GET_INDEX(GPIOx)) << (4U * (position & 0x03U))))
 415              		.loc 1 317 0
 416 002e DFF8FCE0 		ldr	lr, .L39+8
 417 0032 7045     		cmp	r0, lr
 418 0034 1ED0     		beq	.L30
 419              		.loc 1 317 0 is_stmt 0 discriminator 1
 420 0036 0EF5806E 		add	lr, lr, #1024
 421 003a 7045     		cmp	r0, lr
 422 003c 1DD0     		beq	.L31
 423              		.loc 1 317 0 discriminator 3
 424 003e 0EF5806E 		add	lr, lr, #1024
 425 0042 7045     		cmp	r0, lr
ARM GAS  C:\Users\zazz0\AppData\Local\Temp\ccL579rO.s 			page 14


 426 0044 1CD0     		beq	.L32
 427              		.loc 1 317 0 discriminator 5
 428 0046 0EF5806E 		add	lr, lr, #1024
 429 004a 7045     		cmp	r0, lr
 430 004c 1BD0     		beq	.L33
 431              		.loc 1 317 0 discriminator 7
 432 004e 0EF5806E 		add	lr, lr, #1024
 433 0052 7045     		cmp	r0, lr
 434 0054 1AD0     		beq	.L34
 435              		.loc 1 317 0 discriminator 9
 436 0056 0EF5806E 		add	lr, lr, #1024
 437 005a 7045     		cmp	r0, lr
 438 005c 19D0     		beq	.L35
 439              		.loc 1 317 0 discriminator 11
 440 005e 0EF5806E 		add	lr, lr, #1024
 441 0062 7045     		cmp	r0, lr
 442 0064 18D0     		beq	.L36
 443              		.loc 1 317 0 discriminator 13
 444 0066 0EF5806E 		add	lr, lr, #1024
 445 006a 7045     		cmp	r0, lr
 446 006c 17D1     		bne	.L37
 447              		.loc 1 317 0
 448 006e 4FF0070E 		mov	lr, #7
 449 0072 16E0     		b	.L27
 450              	.L30:
 451 0074 4FF0000E 		mov	lr, #0
 452 0078 13E0     		b	.L27
 453              	.L31:
 454 007a 4FF0010E 		mov	lr, #1
 455 007e 10E0     		b	.L27
 456              	.L32:
 457 0080 4FF0020E 		mov	lr, #2
 458 0084 0DE0     		b	.L27
 459              	.L33:
 460 0086 4FF0030E 		mov	lr, #3
 461 008a 0AE0     		b	.L27
 462              	.L34:
 463 008c 4FF0040E 		mov	lr, #4
 464 0090 07E0     		b	.L27
 465              	.L35:
 466 0092 4FF0050E 		mov	lr, #5
 467 0096 04E0     		b	.L27
 468              	.L36:
 469 0098 4FF0060E 		mov	lr, #6
 470 009c 01E0     		b	.L27
 471              	.L37:
 472 009e 4FF0080E 		mov	lr, #8
 473              	.L27:
 474              		.loc 1 317 0 discriminator 32
 475 00a2 0EFA05F5 		lsl	r5, lr, r5
 476 00a6 AF42     		cmp	r7, r5
 477 00a8 16D1     		bne	.L28
 318:Drivers/STM32F4xx_HAL_Driver/Src/stm32f4xx_hal_gpio.c ****       {
 319:Drivers/STM32F4xx_HAL_Driver/Src/stm32f4xx_hal_gpio.c ****         /* Clear EXTI line configuration */
 320:Drivers/STM32F4xx_HAL_Driver/Src/stm32f4xx_hal_gpio.c ****         EXTI->IMR &= ~((uint32_t)iocurrent);
 478              		.loc 1 320 0 is_stmt 1
 479 00aa 1F4D     		ldr	r5, .L39+4
ARM GAS  C:\Users\zazz0\AppData\Local\Temp\ccL579rO.s 			page 15


 480 00ac 2F68     		ldr	r7, [r5]
 481              	.LVL53:
 482 00ae E443     		mvns	r4, r4
 483              	.LVL54:
 484 00b0 2740     		ands	r7, r7, r4
 485 00b2 2F60     		str	r7, [r5]
 321:Drivers/STM32F4xx_HAL_Driver/Src/stm32f4xx_hal_gpio.c ****         EXTI->EMR &= ~((uint32_t)iocurrent);
 486              		.loc 1 321 0
 487 00b4 6F68     		ldr	r7, [r5, #4]
 488 00b6 2740     		ands	r7, r7, r4
 489 00b8 6F60     		str	r7, [r5, #4]
 322:Drivers/STM32F4xx_HAL_Driver/Src/stm32f4xx_hal_gpio.c ****         
 323:Drivers/STM32F4xx_HAL_Driver/Src/stm32f4xx_hal_gpio.c ****         /* Clear Rising Falling edge configuration */
 324:Drivers/STM32F4xx_HAL_Driver/Src/stm32f4xx_hal_gpio.c ****         EXTI->FTSR &= ~((uint32_t)iocurrent);
 490              		.loc 1 324 0
 491 00ba EF68     		ldr	r7, [r5, #12]
 492 00bc 2740     		ands	r7, r7, r4
 493 00be EF60     		str	r7, [r5, #12]
 325:Drivers/STM32F4xx_HAL_Driver/Src/stm32f4xx_hal_gpio.c ****         EXTI->RTSR &= ~((uint32_t)iocurrent);
 494              		.loc 1 325 0
 495 00c0 AF68     		ldr	r7, [r5, #8]
 496 00c2 3C40     		ands	r4, r4, r7
 497              	.LVL55:
 498 00c4 AC60     		str	r4, [r5, #8]
 499              	.LVL56:
 326:Drivers/STM32F4xx_HAL_Driver/Src/stm32f4xx_hal_gpio.c **** 
 327:Drivers/STM32F4xx_HAL_Driver/Src/stm32f4xx_hal_gpio.c ****         /* Configure the External Interrupt or event for the current IO */
 328:Drivers/STM32F4xx_HAL_Driver/Src/stm32f4xx_hal_gpio.c ****         tmp = 0x0FU << (4U * (position & 0x03U));
 329:Drivers/STM32F4xx_HAL_Driver/Src/stm32f4xx_hal_gpio.c ****         SYSCFG->EXTICR[position >> 2U] &= ~tmp;
 500              		.loc 1 329 0
 501 00c6 174F     		ldr	r7, .L39
 502 00c8 0CF10204 		add	r4, ip, #2
 503 00cc 57F82450 		ldr	r5, [r7, r4, lsl #2]
 504 00d0 25EA0606 		bic	r6, r5, r6
 505              	.LVL57:
 506 00d4 47F82460 		str	r6, [r7, r4, lsl #2]
 507              	.LVL58:
 508              	.L28:
 330:Drivers/STM32F4xx_HAL_Driver/Src/stm32f4xx_hal_gpio.c ****       }
 331:Drivers/STM32F4xx_HAL_Driver/Src/stm32f4xx_hal_gpio.c **** 
 332:Drivers/STM32F4xx_HAL_Driver/Src/stm32f4xx_hal_gpio.c ****       /*------------------------- GPIO Mode Configuration --------------------*/
 333:Drivers/STM32F4xx_HAL_Driver/Src/stm32f4xx_hal_gpio.c ****       /* Configure IO Direction in Input Floating Mode */
 334:Drivers/STM32F4xx_HAL_Driver/Src/stm32f4xx_hal_gpio.c ****       GPIOx->MODER &= ~(GPIO_MODER_MODER0 << (position * 2U));
 509              		.loc 1 334 0
 510 00d8 0568     		ldr	r5, [r0]
 511 00da 5E00     		lsls	r6, r3, #1
 512 00dc 0324     		movs	r4, #3
 513 00de B440     		lsls	r4, r4, r6
 514 00e0 E443     		mvns	r4, r4
 515 00e2 2540     		ands	r5, r5, r4
 516 00e4 0560     		str	r5, [r0]
 335:Drivers/STM32F4xx_HAL_Driver/Src/stm32f4xx_hal_gpio.c **** 
 336:Drivers/STM32F4xx_HAL_Driver/Src/stm32f4xx_hal_gpio.c ****       /* Configure the default Alternate Function in current IO */
 337:Drivers/STM32F4xx_HAL_Driver/Src/stm32f4xx_hal_gpio.c ****       GPIOx->AFR[position >> 3U] &= ~(0xFU << ((uint32_t)(position & 0x07U) * 4U)) ;
 517              		.loc 1 337 0
 518 00e6 DD08     		lsrs	r5, r3, #3
 519 00e8 0835     		adds	r5, r5, #8
ARM GAS  C:\Users\zazz0\AppData\Local\Temp\ccL579rO.s 			page 16


 520 00ea 50F82570 		ldr	r7, [r0, r5, lsl #2]
 521 00ee 03F00706 		and	r6, r3, #7
 522 00f2 4FEA860E 		lsl	lr, r6, #2
 523 00f6 0F26     		movs	r6, #15
 524 00f8 06FA0EF6 		lsl	r6, r6, lr
 525 00fc 27EA0606 		bic	r6, r7, r6
 526 0100 40F82560 		str	r6, [r0, r5, lsl #2]
 338:Drivers/STM32F4xx_HAL_Driver/Src/stm32f4xx_hal_gpio.c **** 
 339:Drivers/STM32F4xx_HAL_Driver/Src/stm32f4xx_hal_gpio.c ****       /* Deactivate the Pull-up and Pull-down resistor for the current IO */
 340:Drivers/STM32F4xx_HAL_Driver/Src/stm32f4xx_hal_gpio.c ****       GPIOx->PUPDR &= ~(GPIO_PUPDR_PUPDR0 << (position * 2U));
 527              		.loc 1 340 0
 528 0104 C568     		ldr	r5, [r0, #12]
 529 0106 2540     		ands	r5, r5, r4
 530 0108 C560     		str	r5, [r0, #12]
 341:Drivers/STM32F4xx_HAL_Driver/Src/stm32f4xx_hal_gpio.c **** 
 342:Drivers/STM32F4xx_HAL_Driver/Src/stm32f4xx_hal_gpio.c ****       /* Configure the default value IO Output Type */
 343:Drivers/STM32F4xx_HAL_Driver/Src/stm32f4xx_hal_gpio.c ****       GPIOx->OTYPER  &= ~(GPIO_OTYPER_OT_0 << position) ;
 531              		.loc 1 343 0
 532 010a 4568     		ldr	r5, [r0, #4]
 533 010c 25EA0202 		bic	r2, r5, r2
 534              	.LVL59:
 535 0110 4260     		str	r2, [r0, #4]
 344:Drivers/STM32F4xx_HAL_Driver/Src/stm32f4xx_hal_gpio.c **** 
 345:Drivers/STM32F4xx_HAL_Driver/Src/stm32f4xx_hal_gpio.c ****       /* Configure the default value for IO Speed */
 346:Drivers/STM32F4xx_HAL_Driver/Src/stm32f4xx_hal_gpio.c ****       GPIOx->OSPEEDR &= ~(GPIO_OSPEEDER_OSPEEDR0 << (position * 2U));
 536              		.loc 1 346 0
 537 0112 8268     		ldr	r2, [r0, #8]
 538 0114 1440     		ands	r4, r4, r2
 539 0116 8460     		str	r4, [r0, #8]
 540              	.L26:
 305:Drivers/STM32F4xx_HAL_Driver/Src/stm32f4xx_hal_gpio.c ****   {
 541              		.loc 1 305 0 discriminator 2
 542 0118 0133     		adds	r3, r3, #1
 543              	.LVL60:
 544              	.L25:
 305:Drivers/STM32F4xx_HAL_Driver/Src/stm32f4xx_hal_gpio.c ****   {
 545              		.loc 1 305 0 is_stmt 0 discriminator 1
 546 011a 0F2B     		cmp	r3, #15
 547 011c 7FF673AF 		bls	.L29
 347:Drivers/STM32F4xx_HAL_Driver/Src/stm32f4xx_hal_gpio.c ****     }
 348:Drivers/STM32F4xx_HAL_Driver/Src/stm32f4xx_hal_gpio.c ****   }
 349:Drivers/STM32F4xx_HAL_Driver/Src/stm32f4xx_hal_gpio.c **** }
 548              		.loc 1 349 0 is_stmt 1
 549 0120 F0BD     		pop	{r4, r5, r6, r7, pc}
 550              	.L40:
 551 0122 00BF     		.align	2
 552              	.L39:
 553 0124 00380140 		.word	1073821696
 554 0128 003C0140 		.word	1073822720
 555 012c 00000240 		.word	1073872896
 556              		.cfi_endproc
 557              	.LFE236:
 559              		.section	.text.HAL_GPIO_ReadPin,"ax",%progbits
 560              		.align	2
 561              		.global	HAL_GPIO_ReadPin
 562              		.thumb
 563              		.thumb_func
ARM GAS  C:\Users\zazz0\AppData\Local\Temp\ccL579rO.s 			page 17


 565              	HAL_GPIO_ReadPin:
 566              	.LFB237:
 350:Drivers/STM32F4xx_HAL_Driver/Src/stm32f4xx_hal_gpio.c **** 
 351:Drivers/STM32F4xx_HAL_Driver/Src/stm32f4xx_hal_gpio.c **** /**
 352:Drivers/STM32F4xx_HAL_Driver/Src/stm32f4xx_hal_gpio.c ****   * @}
 353:Drivers/STM32F4xx_HAL_Driver/Src/stm32f4xx_hal_gpio.c ****   */
 354:Drivers/STM32F4xx_HAL_Driver/Src/stm32f4xx_hal_gpio.c **** 
 355:Drivers/STM32F4xx_HAL_Driver/Src/stm32f4xx_hal_gpio.c **** /** @defgroup GPIO_Exported_Functions_Group2 IO operation functions 
 356:Drivers/STM32F4xx_HAL_Driver/Src/stm32f4xx_hal_gpio.c ****   *  @brief   GPIO Read and Write
 357:Drivers/STM32F4xx_HAL_Driver/Src/stm32f4xx_hal_gpio.c ****   *
 358:Drivers/STM32F4xx_HAL_Driver/Src/stm32f4xx_hal_gpio.c **** @verbatim
 359:Drivers/STM32F4xx_HAL_Driver/Src/stm32f4xx_hal_gpio.c ****  ===============================================================================
 360:Drivers/STM32F4xx_HAL_Driver/Src/stm32f4xx_hal_gpio.c ****                        ##### IO operation functions #####
 361:Drivers/STM32F4xx_HAL_Driver/Src/stm32f4xx_hal_gpio.c ****  ===============================================================================
 362:Drivers/STM32F4xx_HAL_Driver/Src/stm32f4xx_hal_gpio.c **** 
 363:Drivers/STM32F4xx_HAL_Driver/Src/stm32f4xx_hal_gpio.c **** @endverbatim
 364:Drivers/STM32F4xx_HAL_Driver/Src/stm32f4xx_hal_gpio.c ****   * @{
 365:Drivers/STM32F4xx_HAL_Driver/Src/stm32f4xx_hal_gpio.c ****   */
 366:Drivers/STM32F4xx_HAL_Driver/Src/stm32f4xx_hal_gpio.c **** 
 367:Drivers/STM32F4xx_HAL_Driver/Src/stm32f4xx_hal_gpio.c **** /**
 368:Drivers/STM32F4xx_HAL_Driver/Src/stm32f4xx_hal_gpio.c ****   * @brief  Reads the specified input port pin.
 369:Drivers/STM32F4xx_HAL_Driver/Src/stm32f4xx_hal_gpio.c ****   * @param  GPIOx where x can be (A..K) to select the GPIO peripheral for STM32F429X device or
 370:Drivers/STM32F4xx_HAL_Driver/Src/stm32f4xx_hal_gpio.c ****   *                      x can be (A..I) to select the GPIO peripheral for STM32F40XX and STM32F427
 371:Drivers/STM32F4xx_HAL_Driver/Src/stm32f4xx_hal_gpio.c ****   * @param  GPIO_Pin specifies the port bit to read.
 372:Drivers/STM32F4xx_HAL_Driver/Src/stm32f4xx_hal_gpio.c ****   *         This parameter can be GPIO_PIN_x where x can be (0..15).
 373:Drivers/STM32F4xx_HAL_Driver/Src/stm32f4xx_hal_gpio.c ****   * @retval The input port pin value.
 374:Drivers/STM32F4xx_HAL_Driver/Src/stm32f4xx_hal_gpio.c ****   */
 375:Drivers/STM32F4xx_HAL_Driver/Src/stm32f4xx_hal_gpio.c **** GPIO_PinState HAL_GPIO_ReadPin(GPIO_TypeDef* GPIOx, uint16_t GPIO_Pin)
 376:Drivers/STM32F4xx_HAL_Driver/Src/stm32f4xx_hal_gpio.c **** {
 567              		.loc 1 376 0
 568              		.cfi_startproc
 569              		@ args = 0, pretend = 0, frame = 0
 570              		@ frame_needed = 0, uses_anonymous_args = 0
 571              		@ link register save eliminated.
 572              	.LVL61:
 377:Drivers/STM32F4xx_HAL_Driver/Src/stm32f4xx_hal_gpio.c ****   GPIO_PinState bitstatus;
 378:Drivers/STM32F4xx_HAL_Driver/Src/stm32f4xx_hal_gpio.c **** 
 379:Drivers/STM32F4xx_HAL_Driver/Src/stm32f4xx_hal_gpio.c ****   /* Check the parameters */
 380:Drivers/STM32F4xx_HAL_Driver/Src/stm32f4xx_hal_gpio.c ****   assert_param(IS_GPIO_PIN(GPIO_Pin));
 381:Drivers/STM32F4xx_HAL_Driver/Src/stm32f4xx_hal_gpio.c **** 
 382:Drivers/STM32F4xx_HAL_Driver/Src/stm32f4xx_hal_gpio.c ****   if((GPIOx->IDR & GPIO_Pin) != (uint32_t)GPIO_PIN_RESET)
 573              		.loc 1 382 0
 574 0000 0369     		ldr	r3, [r0, #16]
 575 0002 1942     		tst	r1, r3
 576 0004 01D0     		beq	.L43
 383:Drivers/STM32F4xx_HAL_Driver/Src/stm32f4xx_hal_gpio.c ****   {
 384:Drivers/STM32F4xx_HAL_Driver/Src/stm32f4xx_hal_gpio.c ****     bitstatus = GPIO_PIN_SET;
 577              		.loc 1 384 0
 578 0006 0120     		movs	r0, #1
 579              	.LVL62:
 580 0008 7047     		bx	lr
 581              	.LVL63:
 582              	.L43:
 385:Drivers/STM32F4xx_HAL_Driver/Src/stm32f4xx_hal_gpio.c ****   }
 386:Drivers/STM32F4xx_HAL_Driver/Src/stm32f4xx_hal_gpio.c ****   else
 387:Drivers/STM32F4xx_HAL_Driver/Src/stm32f4xx_hal_gpio.c ****   {
 388:Drivers/STM32F4xx_HAL_Driver/Src/stm32f4xx_hal_gpio.c ****     bitstatus = GPIO_PIN_RESET;
ARM GAS  C:\Users\zazz0\AppData\Local\Temp\ccL579rO.s 			page 18


 583              		.loc 1 388 0
 584 000a 0020     		movs	r0, #0
 585              	.LVL64:
 389:Drivers/STM32F4xx_HAL_Driver/Src/stm32f4xx_hal_gpio.c ****   }
 390:Drivers/STM32F4xx_HAL_Driver/Src/stm32f4xx_hal_gpio.c ****   return bitstatus;
 391:Drivers/STM32F4xx_HAL_Driver/Src/stm32f4xx_hal_gpio.c **** }
 586              		.loc 1 391 0
 587 000c 7047     		bx	lr
 588              		.cfi_endproc
 589              	.LFE237:
 591 000e 00BF     		.section	.text.HAL_GPIO_WritePin,"ax",%progbits
 592              		.align	2
 593              		.global	HAL_GPIO_WritePin
 594              		.thumb
 595              		.thumb_func
 597              	HAL_GPIO_WritePin:
 598              	.LFB238:
 392:Drivers/STM32F4xx_HAL_Driver/Src/stm32f4xx_hal_gpio.c **** 
 393:Drivers/STM32F4xx_HAL_Driver/Src/stm32f4xx_hal_gpio.c **** /**
 394:Drivers/STM32F4xx_HAL_Driver/Src/stm32f4xx_hal_gpio.c ****   * @brief  Sets or clears the selected data port bit.
 395:Drivers/STM32F4xx_HAL_Driver/Src/stm32f4xx_hal_gpio.c ****   *
 396:Drivers/STM32F4xx_HAL_Driver/Src/stm32f4xx_hal_gpio.c ****   * @note   This function uses GPIOx_BSRR register to allow atomic read/modify
 397:Drivers/STM32F4xx_HAL_Driver/Src/stm32f4xx_hal_gpio.c ****   *         accesses. In this way, there is no risk of an IRQ occurring between
 398:Drivers/STM32F4xx_HAL_Driver/Src/stm32f4xx_hal_gpio.c ****   *         the read and the modify access.
 399:Drivers/STM32F4xx_HAL_Driver/Src/stm32f4xx_hal_gpio.c ****   *
 400:Drivers/STM32F4xx_HAL_Driver/Src/stm32f4xx_hal_gpio.c ****   * @param  GPIOx where x can be (A..K) to select the GPIO peripheral for STM32F429X device or
 401:Drivers/STM32F4xx_HAL_Driver/Src/stm32f4xx_hal_gpio.c ****   *                      x can be (A..I) to select the GPIO peripheral for STM32F40XX and STM32F427
 402:Drivers/STM32F4xx_HAL_Driver/Src/stm32f4xx_hal_gpio.c ****   * @param  GPIO_Pin specifies the port bit to be written.
 403:Drivers/STM32F4xx_HAL_Driver/Src/stm32f4xx_hal_gpio.c ****   *          This parameter can be one of GPIO_PIN_x where x can be (0..15).
 404:Drivers/STM32F4xx_HAL_Driver/Src/stm32f4xx_hal_gpio.c ****   * @param  PinState specifies the value to be written to the selected bit.
 405:Drivers/STM32F4xx_HAL_Driver/Src/stm32f4xx_hal_gpio.c ****   *          This parameter can be one of the GPIO_PinState enum values:
 406:Drivers/STM32F4xx_HAL_Driver/Src/stm32f4xx_hal_gpio.c ****   *            @arg GPIO_PIN_RESET: to clear the port pin
 407:Drivers/STM32F4xx_HAL_Driver/Src/stm32f4xx_hal_gpio.c ****   *            @arg GPIO_PIN_SET: to set the port pin
 408:Drivers/STM32F4xx_HAL_Driver/Src/stm32f4xx_hal_gpio.c ****   * @retval None
 409:Drivers/STM32F4xx_HAL_Driver/Src/stm32f4xx_hal_gpio.c ****   */
 410:Drivers/STM32F4xx_HAL_Driver/Src/stm32f4xx_hal_gpio.c **** void HAL_GPIO_WritePin(GPIO_TypeDef* GPIOx, uint16_t GPIO_Pin, GPIO_PinState PinState)
 411:Drivers/STM32F4xx_HAL_Driver/Src/stm32f4xx_hal_gpio.c **** {
 599              		.loc 1 411 0
 600              		.cfi_startproc
 601              		@ args = 0, pretend = 0, frame = 0
 602              		@ frame_needed = 0, uses_anonymous_args = 0
 603              		@ link register save eliminated.
 604              	.LVL65:
 412:Drivers/STM32F4xx_HAL_Driver/Src/stm32f4xx_hal_gpio.c ****   /* Check the parameters */
 413:Drivers/STM32F4xx_HAL_Driver/Src/stm32f4xx_hal_gpio.c ****   assert_param(IS_GPIO_PIN(GPIO_Pin));
 414:Drivers/STM32F4xx_HAL_Driver/Src/stm32f4xx_hal_gpio.c ****   assert_param(IS_GPIO_PIN_ACTION(PinState));
 415:Drivers/STM32F4xx_HAL_Driver/Src/stm32f4xx_hal_gpio.c **** 
 416:Drivers/STM32F4xx_HAL_Driver/Src/stm32f4xx_hal_gpio.c ****   if(PinState != GPIO_PIN_RESET)
 605              		.loc 1 416 0
 606 0000 0AB1     		cbz	r2, .L45
 417:Drivers/STM32F4xx_HAL_Driver/Src/stm32f4xx_hal_gpio.c ****   {
 418:Drivers/STM32F4xx_HAL_Driver/Src/stm32f4xx_hal_gpio.c ****     GPIOx->BSRR = GPIO_Pin;
 607              		.loc 1 418 0
 608 0002 8161     		str	r1, [r0, #24]
 609 0004 7047     		bx	lr
 610              	.L45:
 419:Drivers/STM32F4xx_HAL_Driver/Src/stm32f4xx_hal_gpio.c ****   }
ARM GAS  C:\Users\zazz0\AppData\Local\Temp\ccL579rO.s 			page 19


 420:Drivers/STM32F4xx_HAL_Driver/Src/stm32f4xx_hal_gpio.c ****   else
 421:Drivers/STM32F4xx_HAL_Driver/Src/stm32f4xx_hal_gpio.c ****   {
 422:Drivers/STM32F4xx_HAL_Driver/Src/stm32f4xx_hal_gpio.c ****     GPIOx->BSRR = (uint32_t)GPIO_Pin << 16U;
 611              		.loc 1 422 0
 612 0006 0904     		lsls	r1, r1, #16
 613              	.LVL66:
 614 0008 8161     		str	r1, [r0, #24]
 615 000a 7047     		bx	lr
 616              		.cfi_endproc
 617              	.LFE238:
 619              		.section	.text.HAL_GPIO_TogglePin,"ax",%progbits
 620              		.align	2
 621              		.global	HAL_GPIO_TogglePin
 622              		.thumb
 623              		.thumb_func
 625              	HAL_GPIO_TogglePin:
 626              	.LFB239:
 423:Drivers/STM32F4xx_HAL_Driver/Src/stm32f4xx_hal_gpio.c ****   }
 424:Drivers/STM32F4xx_HAL_Driver/Src/stm32f4xx_hal_gpio.c **** }
 425:Drivers/STM32F4xx_HAL_Driver/Src/stm32f4xx_hal_gpio.c **** 
 426:Drivers/STM32F4xx_HAL_Driver/Src/stm32f4xx_hal_gpio.c **** /**
 427:Drivers/STM32F4xx_HAL_Driver/Src/stm32f4xx_hal_gpio.c ****   * @brief  Toggles the specified GPIO pins.
 428:Drivers/STM32F4xx_HAL_Driver/Src/stm32f4xx_hal_gpio.c ****   * @param  GPIOx Where x can be (A..K) to select the GPIO peripheral for STM32F429X device or
 429:Drivers/STM32F4xx_HAL_Driver/Src/stm32f4xx_hal_gpio.c ****   *                      x can be (A..I) to select the GPIO peripheral for STM32F40XX and STM32F427
 430:Drivers/STM32F4xx_HAL_Driver/Src/stm32f4xx_hal_gpio.c ****   * @param  GPIO_Pin Specifies the pins to be toggled.
 431:Drivers/STM32F4xx_HAL_Driver/Src/stm32f4xx_hal_gpio.c ****   * @retval None
 432:Drivers/STM32F4xx_HAL_Driver/Src/stm32f4xx_hal_gpio.c ****   */
 433:Drivers/STM32F4xx_HAL_Driver/Src/stm32f4xx_hal_gpio.c **** void HAL_GPIO_TogglePin(GPIO_TypeDef* GPIOx, uint16_t GPIO_Pin)
 434:Drivers/STM32F4xx_HAL_Driver/Src/stm32f4xx_hal_gpio.c **** {
 627              		.loc 1 434 0
 628              		.cfi_startproc
 629              		@ args = 0, pretend = 0, frame = 0
 630              		@ frame_needed = 0, uses_anonymous_args = 0
 631              		@ link register save eliminated.
 632              	.LVL67:
 435:Drivers/STM32F4xx_HAL_Driver/Src/stm32f4xx_hal_gpio.c ****   uint32_t odr;
 436:Drivers/STM32F4xx_HAL_Driver/Src/stm32f4xx_hal_gpio.c **** 
 437:Drivers/STM32F4xx_HAL_Driver/Src/stm32f4xx_hal_gpio.c ****   /* Check the parameters */
 438:Drivers/STM32F4xx_HAL_Driver/Src/stm32f4xx_hal_gpio.c ****   assert_param(IS_GPIO_PIN(GPIO_Pin));
 439:Drivers/STM32F4xx_HAL_Driver/Src/stm32f4xx_hal_gpio.c **** 
 440:Drivers/STM32F4xx_HAL_Driver/Src/stm32f4xx_hal_gpio.c ****   /* get current Output Data Register value */
 441:Drivers/STM32F4xx_HAL_Driver/Src/stm32f4xx_hal_gpio.c ****   odr = GPIOx->ODR;
 633              		.loc 1 441 0
 634 0000 4369     		ldr	r3, [r0, #20]
 635              	.LVL68:
 442:Drivers/STM32F4xx_HAL_Driver/Src/stm32f4xx_hal_gpio.c **** 
 443:Drivers/STM32F4xx_HAL_Driver/Src/stm32f4xx_hal_gpio.c ****   /* Set selected pins that were at low level, and reset ones that were high */
 444:Drivers/STM32F4xx_HAL_Driver/Src/stm32f4xx_hal_gpio.c ****   GPIOx->BSRR = ((odr & GPIO_Pin) << GPIO_NUMBER) | (~odr & GPIO_Pin);
 636              		.loc 1 444 0
 637 0002 03EA0102 		and	r2, r3, r1
 638 0006 21EA0301 		bic	r1, r1, r3
 639              	.LVL69:
 640 000a 41EA0241 		orr	r1, r1, r2, lsl #16
 641 000e 8161     		str	r1, [r0, #24]
 642 0010 7047     		bx	lr
 643              		.cfi_endproc
 644              	.LFE239:
ARM GAS  C:\Users\zazz0\AppData\Local\Temp\ccL579rO.s 			page 20


 646 0012 00BF     		.section	.text.HAL_GPIO_LockPin,"ax",%progbits
 647              		.align	2
 648              		.global	HAL_GPIO_LockPin
 649              		.thumb
 650              		.thumb_func
 652              	HAL_GPIO_LockPin:
 653              	.LFB240:
 445:Drivers/STM32F4xx_HAL_Driver/Src/stm32f4xx_hal_gpio.c **** }
 446:Drivers/STM32F4xx_HAL_Driver/Src/stm32f4xx_hal_gpio.c **** 
 447:Drivers/STM32F4xx_HAL_Driver/Src/stm32f4xx_hal_gpio.c **** /**
 448:Drivers/STM32F4xx_HAL_Driver/Src/stm32f4xx_hal_gpio.c ****   * @brief  Locks GPIO Pins configuration registers.
 449:Drivers/STM32F4xx_HAL_Driver/Src/stm32f4xx_hal_gpio.c ****   * @note   The locked registers are GPIOx_MODER, GPIOx_OTYPER, GPIOx_OSPEEDR,
 450:Drivers/STM32F4xx_HAL_Driver/Src/stm32f4xx_hal_gpio.c ****   *         GPIOx_PUPDR, GPIOx_AFRL and GPIOx_AFRH.
 451:Drivers/STM32F4xx_HAL_Driver/Src/stm32f4xx_hal_gpio.c ****   * @note   The configuration of the locked GPIO pins can no longer be modified
 452:Drivers/STM32F4xx_HAL_Driver/Src/stm32f4xx_hal_gpio.c ****   *         until the next reset.
 453:Drivers/STM32F4xx_HAL_Driver/Src/stm32f4xx_hal_gpio.c ****   * @param  GPIOx where x can be (A..F) to select the GPIO peripheral for STM32F4 family
 454:Drivers/STM32F4xx_HAL_Driver/Src/stm32f4xx_hal_gpio.c ****   * @param  GPIO_Pin specifies the port bit to be locked.
 455:Drivers/STM32F4xx_HAL_Driver/Src/stm32f4xx_hal_gpio.c ****   *         This parameter can be any combination of GPIO_PIN_x where x can be (0..15).
 456:Drivers/STM32F4xx_HAL_Driver/Src/stm32f4xx_hal_gpio.c ****   * @retval None
 457:Drivers/STM32F4xx_HAL_Driver/Src/stm32f4xx_hal_gpio.c ****   */
 458:Drivers/STM32F4xx_HAL_Driver/Src/stm32f4xx_hal_gpio.c **** HAL_StatusTypeDef HAL_GPIO_LockPin(GPIO_TypeDef* GPIOx, uint16_t GPIO_Pin)
 459:Drivers/STM32F4xx_HAL_Driver/Src/stm32f4xx_hal_gpio.c **** {
 654              		.loc 1 459 0
 655              		.cfi_startproc
 656              		@ args = 0, pretend = 0, frame = 8
 657              		@ frame_needed = 0, uses_anonymous_args = 0
 658              		@ link register save eliminated.
 659              	.LVL70:
 660 0000 82B0     		sub	sp, sp, #8
 661              	.LCFI4:
 662              		.cfi_def_cfa_offset 8
 460:Drivers/STM32F4xx_HAL_Driver/Src/stm32f4xx_hal_gpio.c ****   __IO uint32_t tmp = GPIO_LCKR_LCKK;
 663              		.loc 1 460 0
 664 0002 4FF48033 		mov	r3, #65536
 665 0006 0193     		str	r3, [sp, #4]
 461:Drivers/STM32F4xx_HAL_Driver/Src/stm32f4xx_hal_gpio.c **** 
 462:Drivers/STM32F4xx_HAL_Driver/Src/stm32f4xx_hal_gpio.c ****   /* Check the parameters */
 463:Drivers/STM32F4xx_HAL_Driver/Src/stm32f4xx_hal_gpio.c ****   assert_param(IS_GPIO_PIN(GPIO_Pin));
 464:Drivers/STM32F4xx_HAL_Driver/Src/stm32f4xx_hal_gpio.c **** 
 465:Drivers/STM32F4xx_HAL_Driver/Src/stm32f4xx_hal_gpio.c ****   /* Apply lock key write sequence */
 466:Drivers/STM32F4xx_HAL_Driver/Src/stm32f4xx_hal_gpio.c ****   tmp |= GPIO_Pin;
 666              		.loc 1 466 0
 667 0008 019B     		ldr	r3, [sp, #4]
 668 000a 0B43     		orrs	r3, r3, r1
 669 000c 0193     		str	r3, [sp, #4]
 467:Drivers/STM32F4xx_HAL_Driver/Src/stm32f4xx_hal_gpio.c ****   /* Set LCKx bit(s): LCKK='1' + LCK[15-0] */
 468:Drivers/STM32F4xx_HAL_Driver/Src/stm32f4xx_hal_gpio.c ****   GPIOx->LCKR = tmp;
 670              		.loc 1 468 0
 671 000e 019B     		ldr	r3, [sp, #4]
 672 0010 C361     		str	r3, [r0, #28]
 469:Drivers/STM32F4xx_HAL_Driver/Src/stm32f4xx_hal_gpio.c ****   /* Reset LCKx bit(s): LCKK='0' + LCK[15-0] */
 470:Drivers/STM32F4xx_HAL_Driver/Src/stm32f4xx_hal_gpio.c ****   GPIOx->LCKR = GPIO_Pin;
 673              		.loc 1 470 0
 674 0012 C161     		str	r1, [r0, #28]
 471:Drivers/STM32F4xx_HAL_Driver/Src/stm32f4xx_hal_gpio.c ****   /* Set LCKx bit(s): LCKK='1' + LCK[15-0] */
 472:Drivers/STM32F4xx_HAL_Driver/Src/stm32f4xx_hal_gpio.c ****   GPIOx->LCKR = tmp;
 675              		.loc 1 472 0
ARM GAS  C:\Users\zazz0\AppData\Local\Temp\ccL579rO.s 			page 21


 676 0014 019B     		ldr	r3, [sp, #4]
 677 0016 C361     		str	r3, [r0, #28]
 473:Drivers/STM32F4xx_HAL_Driver/Src/stm32f4xx_hal_gpio.c ****   /* Read LCKR register. This read is mandatory to complete key lock sequence */
 474:Drivers/STM32F4xx_HAL_Driver/Src/stm32f4xx_hal_gpio.c ****   tmp = GPIOx->LCKR;
 678              		.loc 1 474 0
 679 0018 C369     		ldr	r3, [r0, #28]
 680 001a 0193     		str	r3, [sp, #4]
 475:Drivers/STM32F4xx_HAL_Driver/Src/stm32f4xx_hal_gpio.c **** 
 476:Drivers/STM32F4xx_HAL_Driver/Src/stm32f4xx_hal_gpio.c ****   /* Read again in order to confirm lock is active */
 477:Drivers/STM32F4xx_HAL_Driver/Src/stm32f4xx_hal_gpio.c ****  if((GPIOx->LCKR & GPIO_LCKR_LCKK) != RESET)
 681              		.loc 1 477 0
 682 001c C369     		ldr	r3, [r0, #28]
 683 001e 13F4803F 		tst	r3, #65536
 684 0022 01D0     		beq	.L50
 478:Drivers/STM32F4xx_HAL_Driver/Src/stm32f4xx_hal_gpio.c ****   {
 479:Drivers/STM32F4xx_HAL_Driver/Src/stm32f4xx_hal_gpio.c ****     return HAL_OK;
 685              		.loc 1 479 0
 686 0024 0020     		movs	r0, #0
 687              	.LVL71:
 688 0026 00E0     		b	.L49
 689              	.LVL72:
 690              	.L50:
 480:Drivers/STM32F4xx_HAL_Driver/Src/stm32f4xx_hal_gpio.c ****   }
 481:Drivers/STM32F4xx_HAL_Driver/Src/stm32f4xx_hal_gpio.c ****   else
 482:Drivers/STM32F4xx_HAL_Driver/Src/stm32f4xx_hal_gpio.c ****   {
 483:Drivers/STM32F4xx_HAL_Driver/Src/stm32f4xx_hal_gpio.c ****     return HAL_ERROR;
 691              		.loc 1 483 0
 692 0028 0120     		movs	r0, #1
 693              	.LVL73:
 694              	.L49:
 484:Drivers/STM32F4xx_HAL_Driver/Src/stm32f4xx_hal_gpio.c ****   }
 485:Drivers/STM32F4xx_HAL_Driver/Src/stm32f4xx_hal_gpio.c **** }
 695              		.loc 1 485 0
 696 002a 02B0     		add	sp, sp, #8
 697              	.LCFI5:
 698              		.cfi_def_cfa_offset 0
 699              		@ sp needed
 700 002c 7047     		bx	lr
 701              		.cfi_endproc
 702              	.LFE240:
 704 002e 00BF     		.section	.text.HAL_GPIO_EXTI_Callback,"ax",%progbits
 705              		.align	2
 706              		.weak	HAL_GPIO_EXTI_Callback
 707              		.thumb
 708              		.thumb_func
 710              	HAL_GPIO_EXTI_Callback:
 711              	.LFB242:
 486:Drivers/STM32F4xx_HAL_Driver/Src/stm32f4xx_hal_gpio.c **** 
 487:Drivers/STM32F4xx_HAL_Driver/Src/stm32f4xx_hal_gpio.c **** /**
 488:Drivers/STM32F4xx_HAL_Driver/Src/stm32f4xx_hal_gpio.c ****   * @brief  This function handles EXTI interrupt request.
 489:Drivers/STM32F4xx_HAL_Driver/Src/stm32f4xx_hal_gpio.c ****   * @param  GPIO_Pin Specifies the pins connected EXTI line
 490:Drivers/STM32F4xx_HAL_Driver/Src/stm32f4xx_hal_gpio.c ****   * @retval None
 491:Drivers/STM32F4xx_HAL_Driver/Src/stm32f4xx_hal_gpio.c ****   */
 492:Drivers/STM32F4xx_HAL_Driver/Src/stm32f4xx_hal_gpio.c **** void HAL_GPIO_EXTI_IRQHandler(uint16_t GPIO_Pin)
 493:Drivers/STM32F4xx_HAL_Driver/Src/stm32f4xx_hal_gpio.c **** {
 494:Drivers/STM32F4xx_HAL_Driver/Src/stm32f4xx_hal_gpio.c ****   /* EXTI line interrupt detected */
 495:Drivers/STM32F4xx_HAL_Driver/Src/stm32f4xx_hal_gpio.c ****   if(__HAL_GPIO_EXTI_GET_IT(GPIO_Pin) != RESET)
ARM GAS  C:\Users\zazz0\AppData\Local\Temp\ccL579rO.s 			page 22


 496:Drivers/STM32F4xx_HAL_Driver/Src/stm32f4xx_hal_gpio.c ****   {
 497:Drivers/STM32F4xx_HAL_Driver/Src/stm32f4xx_hal_gpio.c ****     __HAL_GPIO_EXTI_CLEAR_IT(GPIO_Pin);
 498:Drivers/STM32F4xx_HAL_Driver/Src/stm32f4xx_hal_gpio.c ****     HAL_GPIO_EXTI_Callback(GPIO_Pin);
 499:Drivers/STM32F4xx_HAL_Driver/Src/stm32f4xx_hal_gpio.c ****   }
 500:Drivers/STM32F4xx_HAL_Driver/Src/stm32f4xx_hal_gpio.c **** }
 501:Drivers/STM32F4xx_HAL_Driver/Src/stm32f4xx_hal_gpio.c **** 
 502:Drivers/STM32F4xx_HAL_Driver/Src/stm32f4xx_hal_gpio.c **** /**
 503:Drivers/STM32F4xx_HAL_Driver/Src/stm32f4xx_hal_gpio.c ****   * @brief  EXTI line detection callbacks.
 504:Drivers/STM32F4xx_HAL_Driver/Src/stm32f4xx_hal_gpio.c ****   * @param  GPIO_Pin Specifies the pins connected EXTI line
 505:Drivers/STM32F4xx_HAL_Driver/Src/stm32f4xx_hal_gpio.c ****   * @retval None
 506:Drivers/STM32F4xx_HAL_Driver/Src/stm32f4xx_hal_gpio.c ****   */
 507:Drivers/STM32F4xx_HAL_Driver/Src/stm32f4xx_hal_gpio.c **** __weak void HAL_GPIO_EXTI_Callback(uint16_t GPIO_Pin)
 508:Drivers/STM32F4xx_HAL_Driver/Src/stm32f4xx_hal_gpio.c **** {
 712              		.loc 1 508 0
 713              		.cfi_startproc
 714              		@ args = 0, pretend = 0, frame = 0
 715              		@ frame_needed = 0, uses_anonymous_args = 0
 716              		@ link register save eliminated.
 717              	.LVL74:
 718 0000 7047     		bx	lr
 719              		.cfi_endproc
 720              	.LFE242:
 722 0002 00BF     		.section	.text.HAL_GPIO_EXTI_IRQHandler,"ax",%progbits
 723              		.align	2
 724              		.global	HAL_GPIO_EXTI_IRQHandler
 725              		.thumb
 726              		.thumb_func
 728              	HAL_GPIO_EXTI_IRQHandler:
 729              	.LFB241:
 493:Drivers/STM32F4xx_HAL_Driver/Src/stm32f4xx_hal_gpio.c ****   /* EXTI line interrupt detected */
 730              		.loc 1 493 0
 731              		.cfi_startproc
 732              		@ args = 0, pretend = 0, frame = 0
 733              		@ frame_needed = 0, uses_anonymous_args = 0
 734              	.LVL75:
 493:Drivers/STM32F4xx_HAL_Driver/Src/stm32f4xx_hal_gpio.c ****   /* EXTI line interrupt detected */
 735              		.loc 1 493 0
 736 0000 08B5     		push	{r3, lr}
 737              	.LCFI6:
 738              		.cfi_def_cfa_offset 8
 739              		.cfi_offset 3, -8
 740              		.cfi_offset 14, -4
 495:Drivers/STM32F4xx_HAL_Driver/Src/stm32f4xx_hal_gpio.c ****   {
 741              		.loc 1 495 0
 742 0002 044B     		ldr	r3, .L56
 743 0004 5B69     		ldr	r3, [r3, #20]
 744 0006 0342     		tst	r3, r0
 745 0008 03D0     		beq	.L53
 497:Drivers/STM32F4xx_HAL_Driver/Src/stm32f4xx_hal_gpio.c ****     HAL_GPIO_EXTI_Callback(GPIO_Pin);
 746              		.loc 1 497 0
 747 000a 024B     		ldr	r3, .L56
 748 000c 5861     		str	r0, [r3, #20]
 498:Drivers/STM32F4xx_HAL_Driver/Src/stm32f4xx_hal_gpio.c ****   }
 749              		.loc 1 498 0
 750 000e FFF7FEFF 		bl	HAL_GPIO_EXTI_Callback
 751              	.LVL76:
 752              	.L53:
ARM GAS  C:\Users\zazz0\AppData\Local\Temp\ccL579rO.s 			page 23


 753 0012 08BD     		pop	{r3, pc}
 754              	.L57:
 755              		.align	2
 756              	.L56:
 757 0014 003C0140 		.word	1073822720
 758              		.cfi_endproc
 759              	.LFE241:
 761              		.text
 762              	.Letext0:
 763              		.file 2 "c:\\program files (x86)\\gnu tools arm embedded\\5.4 2016q3\\arm-none-eabi\\include\\mach
 764              		.file 3 "c:\\program files (x86)\\gnu tools arm embedded\\5.4 2016q3\\arm-none-eabi\\include\\sys\
 765              		.file 4 "Drivers/CMSIS/Device/ST/STM32F4xx/Include/stm32f407xx.h"
 766              		.file 5 "Drivers/CMSIS/Device/ST/STM32F4xx/Include/stm32f4xx.h"
 767              		.file 6 "Drivers/STM32F4xx_HAL_Driver/Inc/stm32f4xx_hal_def.h"
 768              		.file 7 "Drivers/STM32F4xx_HAL_Driver/Inc/stm32f4xx_hal_gpio.h"
 769              		.file 8 "Drivers/CMSIS/Include/core_cm4.h"
ARM GAS  C:\Users\zazz0\AppData\Local\Temp\ccL579rO.s 			page 24


DEFINED SYMBOLS
                            *ABS*:00000000 stm32f4xx_hal_gpio.c
C:\Users\zazz0\AppData\Local\Temp\ccL579rO.s:22     .text.HAL_GPIO_Init:00000000 $t
C:\Users\zazz0\AppData\Local\Temp\ccL579rO.s:27     .text.HAL_GPIO_Init:00000000 HAL_GPIO_Init
C:\Users\zazz0\AppData\Local\Temp\ccL579rO.s:358    .text.HAL_GPIO_Init:000001c0 $d
C:\Users\zazz0\AppData\Local\Temp\ccL579rO.s:366    .text.HAL_GPIO_DeInit:00000000 $t
C:\Users\zazz0\AppData\Local\Temp\ccL579rO.s:371    .text.HAL_GPIO_DeInit:00000000 HAL_GPIO_DeInit
C:\Users\zazz0\AppData\Local\Temp\ccL579rO.s:553    .text.HAL_GPIO_DeInit:00000124 $d
C:\Users\zazz0\AppData\Local\Temp\ccL579rO.s:560    .text.HAL_GPIO_ReadPin:00000000 $t
C:\Users\zazz0\AppData\Local\Temp\ccL579rO.s:565    .text.HAL_GPIO_ReadPin:00000000 HAL_GPIO_ReadPin
C:\Users\zazz0\AppData\Local\Temp\ccL579rO.s:592    .text.HAL_GPIO_WritePin:00000000 $t
C:\Users\zazz0\AppData\Local\Temp\ccL579rO.s:597    .text.HAL_GPIO_WritePin:00000000 HAL_GPIO_WritePin
C:\Users\zazz0\AppData\Local\Temp\ccL579rO.s:620    .text.HAL_GPIO_TogglePin:00000000 $t
C:\Users\zazz0\AppData\Local\Temp\ccL579rO.s:625    .text.HAL_GPIO_TogglePin:00000000 HAL_GPIO_TogglePin
C:\Users\zazz0\AppData\Local\Temp\ccL579rO.s:647    .text.HAL_GPIO_LockPin:00000000 $t
C:\Users\zazz0\AppData\Local\Temp\ccL579rO.s:652    .text.HAL_GPIO_LockPin:00000000 HAL_GPIO_LockPin
C:\Users\zazz0\AppData\Local\Temp\ccL579rO.s:705    .text.HAL_GPIO_EXTI_Callback:00000000 $t
C:\Users\zazz0\AppData\Local\Temp\ccL579rO.s:710    .text.HAL_GPIO_EXTI_Callback:00000000 HAL_GPIO_EXTI_Callback
C:\Users\zazz0\AppData\Local\Temp\ccL579rO.s:723    .text.HAL_GPIO_EXTI_IRQHandler:00000000 $t
C:\Users\zazz0\AppData\Local\Temp\ccL579rO.s:728    .text.HAL_GPIO_EXTI_IRQHandler:00000000 HAL_GPIO_EXTI_IRQHandler
C:\Users\zazz0\AppData\Local\Temp\ccL579rO.s:757    .text.HAL_GPIO_EXTI_IRQHandler:00000014 $d
                     .debug_frame:00000010 $d

NO UNDEFINED SYMBOLS
